#
# A fatal error has been detected by the Java Runtime Environment:
#
#  SIGSEGV (0xb) at pc=0x00000001074a3b68, pid=8179, tid=259
#
# JRE version: OpenJDK Runtime Environment Homebrew (17.0.1) (build 17.0.1+0)
# Java VM: OpenJDK 64-Bit Server VM Homebrew (17.0.1+0, mixed mode, sharing, tiered, compressed oops, compressed class ptrs, g1 gc, bsd-amd64)
# Problematic frame:
# V  [libjvm.dylib+0x61fb68]  _ZN13MethodHandles23resolve_MemberName_typeE6HandleP5KlassP10JavaThread+0x54
#
# No core dump will be written. Core dumps have been disabled. To enable core dumping, try "ulimit -c unlimited" before starting Java again
#
# If you would like to submit a bug report, please visit:
#   https://github.com/Homebrew/homebrew-core/issues
# The crash happened outside the Java Virtual Machine in native code.
# See problematic frame for where to report the bug.
#

---------------  S U M M A R Y ------------

Command Line: -javaagent:/Applications/IntelliJ IDEA CE.app/Contents/lib/idea_rt.jar=61994:/Applications/IntelliJ IDEA CE.app/Contents/bin -Dfile.encoding=UTF-8 --module-path=/Users/szymonzych/Documents/Study/AplikacjeOkienkowe/JournalFX/target/classes:/Users/szymonzych/.m2/repository/org/openjfx/javafx-fxml/17.0.1/javafx-fxml-17.0.1-mac.jar:/Users/szymonzych/.m2/repository/org/openjfx/javafx-controls/17.0.1/javafx-controls-17.0.1-mac.jar:/Users/szymonzych/.m2/repository/org/openjfx/javafx-graphics/17.0.1/javafx-graphics-17.0.1-mac.jar:/Users/szymonzych/.m2/repository/org/kordamp/bootstrapfx/bootstrapfx-core/0.4.0/bootstrapfx-core-0.4.0.jar:/Users/szymonzych/.m2/repository/com/dlsc/formsfx/formsfx-core/11.3.2/formsfx-core-11.3.2.jar:/Users/szymonzych/.m2/repository/org/controlsfx/controlsfx/11.1.0/controlsfx-11.1.0.jar:/Users/szymonzych/.m2/repository/org/openjfx/javafx-base/17.0.1/javafx-base-17.0.1-mac.jar -Djdk.module.main=com.example.journalfx com.example.journalfx/com.example.journalfx.HelloApplication

Host: "MacBookPro14,1" x86_64 2300 MHz, 4 cores, 8G, Darwin 21.1.0, macOS 12.0.1 (21A559)
Time: Sun Dec  5 01:51:26 2021 CET elapsed time: 0.514246 seconds (0d 0h 0m 0s)

---------------  T H R E A D  ---------------

Current thread (0x00007fab1a17ac00):  JavaThread "Thread-1" [_thread_in_native, id=259, stack(0x00007ff7b9c7c000,0x00007ff7ba47c000)]

Stack: [0x00007ff7b9c7c000,0x00007ff7ba47c000],  sp=0x00007ff7ba476fc0,  free space=8171k
Native frames: (J=compiled Java code, j=interpreted, Vv=VM code, C=native code)
V  [libjvm.dylib+0x61fb68]  _ZN13MethodHandles23resolve_MemberName_typeE6HandleP5KlassP10JavaThread+0x54
V  [libjvm.dylib+0x79a9c4]  _ZN16SystemDictionary27link_method_handle_constantEP5KlassiS1_P6SymbolS3_P10JavaThread+0x1d6
V  [libjvm.dylib+0x25727a]  _ZN12ConstantPool24resolve_constant_at_implERK18constantPoolHandleiiPbP10JavaThread+0x8ba
V  [libjvm.dylib+0x152f1b]  _ZN12ConstantPool35resolve_possibly_cached_constant_atEiP10JavaThread+0x4f
V  [libjvm.dylib+0x152d98]  _ZN13BootstrapInfo11resolve_bsmEP10JavaThread+0x66
V  [libjvm.dylib+0x79abb1]  _ZN16SystemDictionary23invoke_bootstrap_methodER13BootstrapInfoP10JavaThread+0x2d
V  [libjvm.dylib+0x54f656]  _ZN12LinkResolver20resolve_dynamic_callER8CallInfoR13BootstrapInfoP10JavaThread+0x1e
V  [libjvm.dylib+0x54f31c]  _ZN12LinkResolver21resolve_invokedynamicER8CallInfoRK18constantPoolHandleiP10JavaThread+0x80
V  [libjvm.dylib+0x3a6b52]  _ZN18InterpreterRuntime21resolve_invokedynamicEP10JavaThread+0xfa
V  [libjvm.dylib+0x3a6c2c]  _ZN18InterpreterRuntime18resolve_from_cacheEP10JavaThreadN9Bytecodes4CodeE+0x72
j  com.sun.glass.ui.Screen.<clinit>()V+4 javafx.graphics
v  ~StubRoutines::call_stub
V  [libjvm.dylib+0x3ab8e8]  _ZN9JavaCalls11call_helperEP9JavaValueRK12methodHandleP17JavaCallArgumentsP10JavaThread+0x20a
V  [libjvm.dylib+0x390d3c]  _ZN13InstanceKlass22call_class_initializerEP10JavaThread+0x1a2
V  [libjvm.dylib+0x390626]  _ZN13InstanceKlass15initialize_implEP10JavaThread+0x4fe
V  [libjvm.dylib+0x54d5db]  _ZN12LinkResolver19resolve_static_callER8CallInfoRK8LinkInfobP10JavaThread+0x67
V  [libjvm.dylib+0x54f0f1]  _ZN12LinkResolver20resolve_invokestaticER8CallInfoRK18constantPoolHandleiP10JavaThread+0x35
V  [libjvm.dylib+0x3a6725]  _ZN18InterpreterRuntime14resolve_invokeEP10JavaThreadN9Bytecodes4CodeE+0x20f
V  [libjvm.dylib+0x3a6bf3]  _ZN18InterpreterRuntime18resolve_from_cacheEP10JavaThreadN9Bytecodes4CodeE+0x39
j  com.sun.glass.ui.Application.lambda$run$1(Ljava/lang/Runnable;)V+0 javafx.graphics
j  com.sun.glass.ui.Application$$Lambda$78+0x0000000800c2ca90.run()V+4 javafx.graphics
j  com.sun.glass.ui.mac.MacApplication.lambda$runLoop$3(Ljava/lang/Runnable;)V+12 javafx.graphics
j  com.sun.glass.ui.mac.MacApplication$$Lambda$79+0x0000000800c2ccb8.run()V+8 javafx.graphics
v  ~StubRoutines::call_stub
V  [libjvm.dylib+0x3ab8e8]  _ZN9JavaCalls11call_helperEP9JavaValueRK12methodHandleP17JavaCallArgumentsP10JavaThread+0x20a
V  [libjvm.dylib+0x3f4e4e]  _ZL20jni_invoke_nonstaticP7JNIEnv_P9JavaValueP8_jobject11JNICallTypeP10_jmethodIDP18JNI_ArgumentPusherP10JavaThread+0x240
V  [libjvm.dylib+0x3f8901]  jni_CallVoidMethod+0x14c
C  [libglass.dylib+0x8582]  -[GlassApplication applicationWillFinishLaunching:]+0x192
C  [CoreFoundation+0x75e73]  __CFNOTIFICATIONCENTER_IS_CALLING_OUT_TO_AN_OBSERVER__+0xc
C  [CoreFoundation+0x113349]  ___CFXRegistrationPost_block_invoke+0x31
C  [CoreFoundation+0x1132c6]  _CFXRegistrationPost+0x1f0
C  [CoreFoundation+0x47786]  _CFXNotificationPost+0x2dd
C  [Foundation+0x9996]  -[NSNotificationCenter postNotificationName:object:userInfo:]+0x52
C  [AppKit+0x2f5ff]  -[NSApplication finishLaunching]+0x146
C  [AppKit+0x2f209]  -[NSApplication run]+0xfa
C  [libglass.dylib+0xa2a5]  -[GlassApplication runLoop:]+0x795
C  [Foundation+0x81d63]  __NSThreadPerformPerform+0xb3
C  [CoreFoundation+0x8084d]  __CFRUNLOOP_IS_CALLING_OUT_TO_A_SOURCE0_PERFORM_FUNCTION__+0x11
C  [CoreFoundation+0x807b5]  __CFRunLoopDoSource0+0xb4
C  [CoreFoundation+0x80534]  __CFRunLoopDoSources0+0xf2
C  [CoreFoundation+0x7ef6b]  __CFRunLoopRun+0x37d
C  [CoreFoundation+0x7e52d]  CFRunLoopRunSpecific+0x233
C  [libjli.dylib+0xb89d]  CreateExecutionEnvironment+0x17d
C  [libjli.dylib+0x7b45]  JLI_Launch+0x4e5
C  [java+0x3c15]  main+0x16b
C  0x0000000106dd94fe
C  0x0000000000000000

Java frames: (J=compiled Java code, j=interpreted, Vv=VM code)
j  com.sun.glass.ui.Screen.<clinit>()V+4 javafx.graphics
v  ~StubRoutines::call_stub
j  com.sun.glass.ui.Application.lambda$run$1(Ljava/lang/Runnable;)V+0 javafx.graphics
j  com.sun.glass.ui.Application$$Lambda$78+0x0000000800c2ca90.run()V+4 javafx.graphics
j  com.sun.glass.ui.mac.MacApplication.lambda$runLoop$3(Ljava/lang/Runnable;)V+12 javafx.graphics
j  com.sun.glass.ui.mac.MacApplication$$Lambda$79+0x0000000800c2ccb8.run()V+8 javafx.graphics
v  ~StubRoutines::call_stub

siginfo: si_signo: 11 (SIGSEGV), si_code: 1 (SEGV_MAPERR), si_addr: 0x000000000000e588

Register to memory mapping:

RAX=0x0000600000914808 points into unknown readable memory: 0x000000000000e580 | 80 e5 00 00 00 00 00 00
RBX=0x000000000000e580 is an unknown value
RCX=0x00000001078d86e9: UseCompressedClassPointers+0 in /usr/local/Cellar/openjdk/17.0.1/libexec/openjdk.jdk/Contents/Home/lib/server/libjvm.dylib at 0x0000000106e84000
RDX=0x0 is NULL
RSP=0x00007ff7ba476fc0 is pointing into the stack for thread: 0x00007fab1a17ac00
RBP=0x00007ff7ba476fe0 is pointing into the stack for thread: 0x00007fab1a17ac00
RSI=0x0000000000000008 is an unknown value
RDI=0x000060000232f440 points into unknown readable memory: 0x0000000000000002 | 02 00 00 00 00 00 00 00
R8 ={method} {0x000000080035dd40} 'metafactory' '(Ljava/lang/invoke/MethodHandles$Lookup;Ljava/lang/String;Ljava/lang/invoke/MethodType;Ljava/lang/invoke/MethodType;Ljava/lang/invoke/MethodHandle;Ljava/lang/invoke/MethodType;)Ljava/lang/invoke/CallSite;' in 'java/lang/invoke/LambdaMetafactory'
R9 =0x00000008006f7c98 is pointing into metadata
R10=0x0000000800a10600 is pointing into metadata
R11=0x000000000f4b480d is an unknown value
R12=0x00006000009147f0 points into unknown readable memory: 0x0000000787f34f30 | 30 4f f3 87 07 00 00 00
R13=0x00007fab1a17ac00 is a thread
R14=0x0000000800c24df8 is a pointer to class: 
com.sun.glass.ui.Screen {0x0000000800c24df8}
 - instance size:     13
 - klass size:        65
 - access:            public final synchronized 
 - state:             being_initialized
 - name:              'com/sun/glass/ui/Screen'
 - super:             'java/lang/Object'
 - sub:               
 - arrays:            NULL
 - methods:           Array<T>(0x0000000124cda760)
 - method ordering:   Array<T>(0x00000008009173a0)
 - default_methods:   Array<T>(0x0000000000000000)
 - local interfaces:  Array<T>(0x00000008005c03f8)
 - trans. interfaces: Array<T>(0x00000008005c03f8)
 - constants:         constant pool [357]/operands[12] {0x0000000124cd9a28} for 'com/sun/glass/ui/Screen' cache=0x0000000124d1eb78
 - class loader data:  loader data: 0x0000600000714140 for instance a 'jdk/internal/loader/ClassLoaders$AppClassLoader'{0x0000000787f198f0}
 - source file:       'Screen.java'
 - class annotations:       Array<T>(0x0000000000000000)
 - class type annotations:  Array<T>(0x0000000000000000)
 - field annotations:       Array<T>(0x0000000000000000)
 - field type annotations:  Array<T>(0x0000000000000000)
 - inner classes:     Array<T>(0x0000000124cdc7c8)
 - nest members:     Array<T>(0x0000000124cdc7e8)
 - permitted subclasses:     Array<T>(0x00000008005c0388)
 - java mirror:       a 'java/lang/Class'{0x000000078768ad28} = 'com/sun/glass/ui/Screen'
 - vtable length      5  (start addr: 0x0000000800c24fc8)
 - itable length      2 (start addr: 0x0000000800c24ff0)
 - ---- static fields (2 words):
 - private static volatile 'screens' 'Ljava/util/List;' @112 
 - private static final 'dpiOverride' 'I' @120 
 - private static 'eventHandler' 'Lcom/sun/glass/ui/Screen$EventHandler;' @116 
 - ---- non-static fields (22 words):
 - private volatile 'adapter' 'I' @12 
 - private volatile 'ptr' 'J' @16 
 - private final 'depth' 'I' @24 
 - private final 'x' 'I' @28 
 - private final 'y' 'I' @32 
 - private final 'width' 'I' @36 
 - private final 'height' 'I' @40 
 - private final 'platformX' 'I' @44 
 - private final 'platformY' 'I' @48 
 - private final 'platformWidth' 'I' @52 
 - private final 'platformHeight' 'I' @56 
 - private final 'visibleX' 'I' @60 
 - private final 'visibleY' 'I' @64 
 - private final 'visibleWidth' 'I' @68 
 - private final 'visibleHeight' 'I' @72 
 - private final 'resolutionX' 'I' @76 
 - private final 'resolutionY' 'I' @80 
 - private final 'platformScaleX' 'F' @84 
 - private final 'platformScaleY' 'F' @88 
 - private final 'outputScaleX' 'F' @92 
 - private final 'outputScaleY' 'F' @96 
 - non-static oop maps: 
R15=0x00007fab1a17ac00 is a thread


Registers:
RAX=0x0000600000914808, RBX=0x000000000000e580, RCX=0x00000001078d86e9, RDX=0x0000000000000000
RSP=0x00007ff7ba476fc0, RBP=0x00007ff7ba476fe0, RSI=0x0000000000000008, RDI=0x000060000232f440
R8 =0x000000080035dd40, R9 =0x00000008006f7c98, R10=0x0000000800a10600, R11=0x000000000f4b480d
R12=0x00006000009147f0, R13=0x00007fab1a17ac00, R14=0x0000000800c24df8, R15=0x00007fab1a17ac00
RIP=0x00000001074a3b68, EFLAGS=0x0000000000010202, ERR=0x0000000000000004
  TRAPNO=0x000000000000000e

Top of Stack: (sp=0x00007ff7ba476fc0)
0x00007ff7ba476fc0:   0000000000000000 0000000000000006
0x00007ff7ba476fd0:   000000080044a0c8 0000000800c24df8
0x00007ff7ba476fe0:   00007ff7ba4770d0 000000010761e9c4
0x00007ff7ba476ff0:   00007fab1b009320 0000600000714140
0x00007ff7ba477000:   00006000009147e8 00006000009147e0
0x00007ff7ba477010:   00006000009147f0 000000080010bed0
0x00007ff7ba477020:   000000080044a0a0 00006000009147d0
0x00007ff7ba477030:   00007fab1a17ac00 0000000000000001
0x00007ff7ba477040:   00007ff7ba477070 00000007ffe090d0
0x00007ff7ba477050:   00007ff7ba477298 000000080010bed0
0x00007ff7ba477060:   00007fab1a17ac00 0000000000000154
0x00007ff7ba477070:   00007ff7ba4770d0 00000001070d9f70
0x00007ff7ba477080:   00007ff7ba4774e0 000000080044a0a0
0x00007ff7ba477090:   0000000000000010 0000000000000154
0x00007ff7ba4770a0:   61995f5f407c002b 0000000000000006
0x00007ff7ba4770b0:   0000000000000001 00007ff7ba477298
0x00007ff7ba4770c0:   00007fab1a17ac00 0000000000000152
0x00007ff7ba4770d0:   00007ff7ba477280 00000001070db27a
0x00007ff7ba4770e0:   000000010f817410 00007ff7ba4773b8
0x00007ff7ba4770f0:   000000080044a0c8 000000080044a0e0
0x00007ff7ba477100:   0000000100000154 000000000000000f
0x00007ff7ba477110:   00007fab1a17ac00 0000000600000005
0x00007ff7ba477120:   00007ff7ba477298 0a0000010f817480
0x00007ff7ba477130:   0000600003805470 00007fab1b009150
0x00007ff7ba477140:   00007fab1b009160 00007fab1b009538
0x00007ff7ba477150:   00000000000003d8 00007ff7ba477108
0x00007ff7ba477160:   000000010f817480 0000000000000000
0x00007ff7ba477170:   000000010f817785 000000010f817785
0x00007ff7ba477180:   00007ff7ba477590 00007ff7ba477598
0x00007ff7ba477190:   00007ff7ba477598 000000010f817639
0x00007ff7ba4771a0:   ffffffffff010000 00007ff7ba477108
0x00007ff7ba4771b0:   000000010f817785 0000000000000000 

Instructions: (pc=0x00000001074a3b68)
0x00000001074a3a68:   89 de e8 55 54 00 00 48 85 c0 74 0e 8d bb b6 fe
0x00000001074a3a78:   ff ff 48 89 c6 e8 ae 5e 9e ff 4c 89 e7 e8 90 af
0x00000001074a3a88:   13 00 ff c3 81 fb 59 01 00 00 75 b8 48 83 c4 10
0x00000001074a3a98:   5b 41 5c 41 5e 41 5f 5d c3 90 55 48 89 e5 53 50
0x00000001074a3aa8:   89 fb 38 1d f0 6e 44 00 74 30 84 db 75 26 48 8d
0x00000001074a3ab8:   3d dd 17 2b 00 48 8d 15 00 18 2b 00 48 8d 0d 0d
0x00000001074a3ac8:   18 2b 00 be 78 00 00 00 31 c0 e8 d9 f6 c3 ff e8
0x00000001074a3ad8:   06 bd 03 00 88 1d be 6e 44 00 48 83 c4 08 5b 5d
0x00000001074a3ae8:   c3 90 55 48 89 e5 89 f8 c1 e0 18 83 ff 04 7f 07
0x00000001074a3af8:   0d 00 00 04 00 5d c3 0d 00 00 01 00 83 ff 08 b9
0x00000001074a3b08:   00 00 02 08 0f 45 c8 89 c8 5d c3 90 55 48 89 e5
0x00000001074a3b18:   41 57 41 56 41 54 53 49 89 d7 49 89 f6 49 89 fc
0x00000001074a3b28:   48 85 ff 74 06 49 8b 3c 24 eb 02 31 ff e8 62 4a
0x00000001074a3b38:   d9 ff 48 85 c0 0f 84 08 01 00 00 48 89 c3 49 8b
0x00000001074a3b48:   bf 38 02 00 00 be 08 00 00 00 31 d2 e8 c7 a9 ae
0x00000001074a3b58:   ff 48 89 18 48 8d 0d 86 4b 43 00 80 39 00 74 15
0x00000001074a3b68:   8b 53 08 48 8d 35 5e 1c 3f 00 8a 4e 08 48 d3 e2
0x00000001074a3b78:   48 03 16 eb 04 48 8b 53 08 48 8d 0d 78 0b 46 00
0x00000001074a3b88:   48 3b 51 08 0f 85 bb 00 00 00 48 89 df e8 3c d9
0x00000001074a3b98:   d8 ff 48 85 c0 0f 84 a8 00 00 00 48 89 c3 4d 85
0x00000001074a3ba8:   e4 74 06 49 8b 3c 24 eb 02 31 ff e8 12 4a d9 ff
0x00000001074a3bb8:   25 00 00 0f 00 3d 00 00 01 00 74 0e 3d 00 00 04
0x00000001074a3bc8:   00 74 17 3d 00 00 02 00 75 50 48 89 df 4c 89 f6
0x00000001074a3bd8:   4c 89 fa e8 4c a2 17 00 eb 0e 48 89 df 4c 89 f6
0x00000001074a3be8:   4c 89 fa e8 b2 aa 17 00 49 83 7f 08 00 75 54 48
0x00000001074a3bf8:   85 c0 75 51 48 8d 05 ad 9e 44 00 48 8b 88 28 05
0x00000001074a3c08:   00 00 48 8d 35 89 16 2b 00 4c 8d 05 f4 16 2b 00
0x00000001074a3c18:   4c 89 ff ba b6 00 00 00 eb 24 48 8d 05 87 9e 44
0x00000001074a3c28:   00 48 8b 88 28 05 00 00 48 8d 35 63 16 2b 00 4c
0x00000001074a3c38:   8d 05 af 16 2b 00 4c 89 ff ba b3 00 00 00 e8 1f
0x00000001074a3c48:   6e cb ff 31 c0 5b 41 5c 41 5e 41 5f 5d c3 55 48
0x00000001074a3c58:   89 e5 41 57 41 56 41 55 41 54 53 48 83 ec 48 49 


Stack slot to memory mapping:
stack at sp + 0 slots: 0x0 is NULL
stack at sp + 1 slots: 0x0000000000000006 is an unknown value
stack at sp + 2 slots: 0x000000080044a0c8 is pointing into metadata
stack at sp + 3 slots: 0x0000000800c24df8 is a pointer to class: 
com.sun.glass.ui.Screen {0x0000000800c24df8}
 - instance size:     13
 - klass size:        65
 - access:            public final synchronized 
 - state:             being_initialized
 - name:              'com/sun/glass/ui/Screen'
 - super:             'java/lang/Object'
 - sub:               
 - arrays:            NULL
 - methods:           Array<T>(0x0000000124cda760)
 - method ordering:   Array<T>(0x00000008009173a0)
 - default_methods:   Array<T>(0x0000000000000000)
 - local interfaces:  Array<T>(0x00000008005c03f8)
 - trans. interfaces: Array<T>(0x00000008005c03f8)
 - constants:         constant pool [357]/operands[12] {0x0000000124cd9a28} for 'com/sun/glass/ui/Screen' cache=0x0000000124d1eb78
 - class loader data:  loader data: 0x0000600000714140 for instance a 'jdk/internal/loader/ClassLoaders$AppClassLoader'{0x0000000787f198f0}
 - source file:       'Screen.java'
 - class annotations:       Array<T>(0x0000000000000000)
 - class type annotations:  Array<T>(0x0000000000000000)
 - field annotations:       Array<T>(0x0000000000000000)
 - field type annotations:  Array<T>(0x0000000000000000)
 - inner classes:     Array<T>(0x0000000124cdc7c8)
 - nest members:     Array<T>(0x0000000124cdc7e8)
 - permitted subclasses:     Array<T>(0x00000008005c0388)
 - java mirror:       a 'java/lang/Class'{0x000000078768ad28} = 'com/sun/glass/ui/Screen'
 - vtable length      5  (start addr: 0x0000000800c24fc8)
 - itable length      2 (start addr: 0x0000000800c24ff0)
 - ---- static fields (2 words):
 - private static volatile 'screens' 'Ljava/util/List;' @112 
 - private static final 'dpiOverride' 'I' @120 
 - private static 'eventHandler' 'Lcom/sun/glass/ui/Screen$EventHandler;' @116 
 - ---- non-static fields (22 words):
 - private volatile 'adapter' 'I' @12 
 - private volatile 'ptr' 'J' @16 
 - private final 'depth' 'I' @24 
 - private final 'x' 'I' @28 
 - private final 'y' 'I' @32 
 - private final 'width' 'I' @36 
 - private final 'height' 'I' @40 
 - private final 'platformX' 'I' @44 
 - private final 'platformY' 'I' @48 
 - private final 'platformWidth' 'I' @52 
 - private final 'platformHeight' 'I' @56 
 - private final 'visibleX' 'I' @60 
 - private final 'visibleY' 'I' @64 
 - private final 'visibleWidth' 'I' @68 
 - private final 'visibleHeight' 'I' @72 
 - private final 'resolutionX' 'I' @76 
 - private final 'resolutionY' 'I' @80 
 - private final 'platformScaleX' 'F' @84 
 - private final 'platformScaleY' 'F' @88 
 - private final 'outputScaleX' 'F' @92 
 - private final 'outputScaleY' 'F' @96 
 - non-static oop maps: 
stack at sp + 4 slots: 0x00007ff7ba4770d0 is pointing into the stack for thread: 0x00007fab1a17ac00
stack at sp + 5 slots: 0x000000010761e9c4: _ZN16SystemDictionary27link_method_handle_constantEP5KlassiS1_P6SymbolS3_P10JavaThread+0x1d6 in /usr/local/Cellar/openjdk/17.0.1/libexec/openjdk.jdk/Contents/Home/lib/server/libjvm.dylib at 0x0000000106e84000
stack at sp + 6 slots: 0x00007fab1b009320 points into unknown readable memory: 0x6161616562627830 | 30 78 62 62 65 61 61 61
stack at sp + 7 slots: 0x0000600000714140 points into unknown readable memory: 0x00007fab19f0ce60 | 60 ce f0 19 ab 7f 00 00


---------------  P R O C E S S  ---------------

Threads class SMR info:
_java_thread_list=0x0000600003656760, length=15, elements={
0x00007fab1c008a00, 0x00007fab1a88a400, 0x00007fab1c025e00, 0x00007fab1a01a600,
0x00007fab1a88ba00, 0x00007fab1c026a00, 0x00007fab1c024600, 0x00007fab1c024c00,
0x00007fab1a88c000, 0x00007fab1b809000, 0x00007fab1b81b200, 0x00007fab1a88c600,
0x00007fab1a00e600, 0x00007fab1b981e00, 0x00007fab1a17ac00
}

Java Threads: ( => current thread )
  0x00007fab1c008a00 JavaThread "main" [_thread_blocked, id=6659, stack(0x0000700002e0b000,0x0000700002f0b000)]
  0x00007fab1a88a400 JavaThread "Reference Handler" daemon [_thread_blocked, id=15363, stack(0x0000700003520000,0x0000700003620000)]
  0x00007fab1c025e00 JavaThread "Finalizer" daemon [_thread_blocked, id=15875, stack(0x0000700003623000,0x0000700003723000)]
  0x00007fab1a01a600 JavaThread "Signal Dispatcher" daemon [_thread_blocked, id=22787, stack(0x000070000382c000,0x000070000392c000)]
  0x00007fab1a88ba00 JavaThread "Service Thread" daemon [_thread_blocked, id=23299, stack(0x000070000392f000,0x0000700003a2f000)]
  0x00007fab1c026a00 JavaThread "Monitor Deflation Thread" daemon [_thread_blocked, id=23811, stack(0x0000700003a32000,0x0000700003b32000)]
  0x00007fab1c024600 JavaThread "C2 CompilerThread0" daemon [_thread_blocked, id=42243, stack(0x0000700003b35000,0x0000700003c35000)]
  0x00007fab1c024c00 JavaThread "C1 CompilerThread0" daemon [_thread_blocked, id=41987, stack(0x0000700003c38000,0x0000700003d38000)]
  0x00007fab1a88c000 JavaThread "Sweeper thread" daemon [_thread_blocked, id=24835, stack(0x0000700003d3b000,0x0000700003e3b000)]
  0x00007fab1b809000 JavaThread "Common-Cleaner" daemon [_thread_blocked, id=25091, stack(0x0000700003e3e000,0x0000700003f3e000)]
  0x00007fab1b81b200 JavaThread "Monitor Ctrl-Break" daemon [_thread_in_native, id=41219, stack(0x0000700003f41000,0x0000700004041000)]
  0x00007fab1a88c600 JavaThread "Notification Thread" daemon [_thread_blocked, id=25603, stack(0x0000700004044000,0x0000700004144000)]
  0x00007fab1a00e600 JavaThread "QuantumRenderer-0" daemon [_thread_blocked, id=26115, stack(0x000070000424a000,0x000070000434a000)]
  0x00007fab1b981e00 JavaThread "InvokeLaterDispatcher" daemon [_thread_blocked, id=30479, stack(0x000070000434d000,0x000070000444d000)]
=>0x00007fab1a17ac00 JavaThread "Thread-1" [_thread_in_native, id=259, stack(0x00007ff7b9c7c000,0x00007ff7ba47c000)]

Other Threads:
  0x00007fab1b106480 VMThread "VM Thread" [stack: 0x000070000341d000,0x000070000351d000] [id=14851]
  0x00007fab1b009e20 WatcherThread [stack: 0x0000700004147000,0x0000700004247000] [id=40707]
  0x00007fab19f067d0 GCTaskThread "GC Thread#0" [stack: 0x0000700002f0e000,0x000070000300e000] [id=19715]
  0x00007fab19f06e70 ConcurrentGCThread "G1 Main Marker" [stack: 0x0000700003011000,0x0000700003111000] [id=19203]
  0x00007fab19f076f0 ConcurrentGCThread "G1 Conc#0" [stack: 0x0000700003114000,0x0000700003214000] [id=18435]
  0x00007fab19f08f50 ConcurrentGCThread "G1 Refine#0" [stack: 0x0000700003217000,0x0000700003317000] [id=12803]
  0x00007fab19f097e0 ConcurrentGCThread "G1 Service" [stack: 0x000070000331a000,0x000070000341a000] [id=17923]

Threads with active compile tasks:

VM state: not at safepoint (normal execution)

VM Mutex/Monitor currently owned by a thread: None

Heap address: 0x0000000780000000, size: 2048 MB, Compressed Oops mode: Zero based, Oop shift amount: 3

CDS archive(s) mapped at: [0x0000000800000000-0x0000000800bd0000-0x0000000800bd0000), size 12386304, SharedBaseAddress: 0x0000000800000000, ArchiveRelocationMode: 0.
Compressed class space mapped at: 0x0000000800c00000-0x0000000840c00000, reserved size: 1073741824
Narrow klass base: 0x0000000800000000, Narrow klass shift: 0, Narrow klass range: 0x100000000

GC Precious Log:
 CPUs: 4 total, 4 available
 Memory: 8192M
 Large Page Support: Disabled
 NUMA Support: Disabled
 Compressed Oops: Enabled (Zero based)
 Heap Region Size: 1M
 Heap Min Capacity: 8M
 Heap Initial Capacity: 128M
 Heap Max Capacity: 2G
 Pre-touch: Disabled
 Parallel Workers: 4
 Concurrent Workers: 1
 Concurrent Refinement Workers: 4
 Periodic GC: Disabled

Heap:
 garbage-first heap   total 133120K, used 11220K [0x0000000780000000, 0x0000000800000000)
  region size 1024K, 12 young (12288K), 0 survivors (0K)
 Metaspace       used 3251K, committed 3392K, reserved 1056768K
  class space    used 364K, committed 448K, reserved 1048576K

Heap Regions: E=young(eden), S=young(survivor), O=old, HS=humongous(starts), HC=humongous(continues), CS=collection set, F=free, OA=open archive, CA=closed archive, TAMS=top-at-mark-start (previous, next)
|   0|0x0000000780000000, 0x0000000780000000, 0x0000000780100000|  0%| F|  |TAMS 0x0000000780000000, 0x0000000780000000| Untracked 
|   1|0x0000000780100000, 0x0000000780100000, 0x0000000780200000|  0%| F|  |TAMS 0x0000000780100000, 0x0000000780100000| Untracked 
|   2|0x0000000780200000, 0x0000000780200000, 0x0000000780300000|  0%| F|  |TAMS 0x0000000780200000, 0x0000000780200000| Untracked 
|   3|0x0000000780300000, 0x0000000780300000, 0x0000000780400000|  0%| F|  |TAMS 0x0000000780300000, 0x0000000780300000| Untracked 
|   4|0x0000000780400000, 0x0000000780400000, 0x0000000780500000|  0%| F|  |TAMS 0x0000000780400000, 0x0000000780400000| Untracked 
|   5|0x0000000780500000, 0x0000000780500000, 0x0000000780600000|  0%| F|  |TAMS 0x0000000780500000, 0x0000000780500000| Untracked 
|   6|0x0000000780600000, 0x0000000780600000, 0x0000000780700000|  0%| F|  |TAMS 0x0000000780600000, 0x0000000780600000| Untracked 
|   7|0x0000000780700000, 0x0000000780700000, 0x0000000780800000|  0%| F|  |TAMS 0x0000000780700000, 0x0000000780700000| Untracked 
|   8|0x0000000780800000, 0x0000000780800000, 0x0000000780900000|  0%| F|  |TAMS 0x0000000780800000, 0x0000000780800000| Untracked 
|   9|0x0000000780900000, 0x0000000780900000, 0x0000000780a00000|  0%| F|  |TAMS 0x0000000780900000, 0x0000000780900000| Untracked 
|  10|0x0000000780a00000, 0x0000000780a00000, 0x0000000780b00000|  0%| F|  |TAMS 0x0000000780a00000, 0x0000000780a00000| Untracked 
|  11|0x0000000780b00000, 0x0000000780b00000, 0x0000000780c00000|  0%| F|  |TAMS 0x0000000780b00000, 0x0000000780b00000| Untracked 
|  12|0x0000000780c00000, 0x0000000780c00000, 0x0000000780d00000|  0%| F|  |TAMS 0x0000000780c00000, 0x0000000780c00000| Untracked 
|  13|0x0000000780d00000, 0x0000000780d00000, 0x0000000780e00000|  0%| F|  |TAMS 0x0000000780d00000, 0x0000000780d00000| Untracked 
|  14|0x0000000780e00000, 0x0000000780e00000, 0x0000000780f00000|  0%| F|  |TAMS 0x0000000780e00000, 0x0000000780e00000| Untracked 
|  15|0x0000000780f00000, 0x0000000780f00000, 0x0000000781000000|  0%| F|  |TAMS 0x0000000780f00000, 0x0000000780f00000| Untracked 
|  16|0x0000000781000000, 0x0000000781000000, 0x0000000781100000|  0%| F|  |TAMS 0x0000000781000000, 0x0000000781000000| Untracked 
|  17|0x0000000781100000, 0x0000000781100000, 0x0000000781200000|  0%| F|  |TAMS 0x0000000781100000, 0x0000000781100000| Untracked 
|  18|0x0000000781200000, 0x0000000781200000, 0x0000000781300000|  0%| F|  |TAMS 0x0000000781200000, 0x0000000781200000| Untracked 
|  19|0x0000000781300000, 0x0000000781300000, 0x0000000781400000|  0%| F|  |TAMS 0x0000000781300000, 0x0000000781300000| Untracked 
|  20|0x0000000781400000, 0x0000000781400000, 0x0000000781500000|  0%| F|  |TAMS 0x0000000781400000, 0x0000000781400000| Untracked 
|  21|0x0000000781500000, 0x0000000781500000, 0x0000000781600000|  0%| F|  |TAMS 0x0000000781500000, 0x0000000781500000| Untracked 
|  22|0x0000000781600000, 0x0000000781600000, 0x0000000781700000|  0%| F|  |TAMS 0x0000000781600000, 0x0000000781600000| Untracked 
|  23|0x0000000781700000, 0x0000000781700000, 0x0000000781800000|  0%| F|  |TAMS 0x0000000781700000, 0x0000000781700000| Untracked 
|  24|0x0000000781800000, 0x0000000781800000, 0x0000000781900000|  0%| F|  |TAMS 0x0000000781800000, 0x0000000781800000| Untracked 
|  25|0x0000000781900000, 0x0000000781900000, 0x0000000781a00000|  0%| F|  |TAMS 0x0000000781900000, 0x0000000781900000| Untracked 
|  26|0x0000000781a00000, 0x0000000781a00000, 0x0000000781b00000|  0%| F|  |TAMS 0x0000000781a00000, 0x0000000781a00000| Untracked 
|  27|0x0000000781b00000, 0x0000000781b00000, 0x0000000781c00000|  0%| F|  |TAMS 0x0000000781b00000, 0x0000000781b00000| Untracked 
|  28|0x0000000781c00000, 0x0000000781c00000, 0x0000000781d00000|  0%| F|  |TAMS 0x0000000781c00000, 0x0000000781c00000| Untracked 
|  29|0x0000000781d00000, 0x0000000781d00000, 0x0000000781e00000|  0%| F|  |TAMS 0x0000000781d00000, 0x0000000781d00000| Untracked 
|  30|0x0000000781e00000, 0x0000000781e00000, 0x0000000781f00000|  0%| F|  |TAMS 0x0000000781e00000, 0x0000000781e00000| Untracked 
|  31|0x0000000781f00000, 0x0000000781f00000, 0x0000000782000000|  0%| F|  |TAMS 0x0000000781f00000, 0x0000000781f00000| Untracked 
|  32|0x0000000782000000, 0x0000000782000000, 0x0000000782100000|  0%| F|  |TAMS 0x0000000782000000, 0x0000000782000000| Untracked 
|  33|0x0000000782100000, 0x0000000782100000, 0x0000000782200000|  0%| F|  |TAMS 0x0000000782100000, 0x0000000782100000| Untracked 
|  34|0x0000000782200000, 0x0000000782200000, 0x0000000782300000|  0%| F|  |TAMS 0x0000000782200000, 0x0000000782200000| Untracked 
|  35|0x0000000782300000, 0x0000000782300000, 0x0000000782400000|  0%| F|  |TAMS 0x0000000782300000, 0x0000000782300000| Untracked 
|  36|0x0000000782400000, 0x0000000782400000, 0x0000000782500000|  0%| F|  |TAMS 0x0000000782400000, 0x0000000782400000| Untracked 
|  37|0x0000000782500000, 0x0000000782500000, 0x0000000782600000|  0%| F|  |TAMS 0x0000000782500000, 0x0000000782500000| Untracked 
|  38|0x0000000782600000, 0x0000000782600000, 0x0000000782700000|  0%| F|  |TAMS 0x0000000782600000, 0x0000000782600000| Untracked 
|  39|0x0000000782700000, 0x0000000782700000, 0x0000000782800000|  0%| F|  |TAMS 0x0000000782700000, 0x0000000782700000| Untracked 
|  40|0x0000000782800000, 0x0000000782800000, 0x0000000782900000|  0%| F|  |TAMS 0x0000000782800000, 0x0000000782800000| Untracked 
|  41|0x0000000782900000, 0x0000000782900000, 0x0000000782a00000|  0%| F|  |TAMS 0x0000000782900000, 0x0000000782900000| Untracked 
|  42|0x0000000782a00000, 0x0000000782a00000, 0x0000000782b00000|  0%| F|  |TAMS 0x0000000782a00000, 0x0000000782a00000| Untracked 
|  43|0x0000000782b00000, 0x0000000782b00000, 0x0000000782c00000|  0%| F|  |TAMS 0x0000000782b00000, 0x0000000782b00000| Untracked 
|  44|0x0000000782c00000, 0x0000000782c00000, 0x0000000782d00000|  0%| F|  |TAMS 0x0000000782c00000, 0x0000000782c00000| Untracked 
|  45|0x0000000782d00000, 0x0000000782d00000, 0x0000000782e00000|  0%| F|  |TAMS 0x0000000782d00000, 0x0000000782d00000| Untracked 
|  46|0x0000000782e00000, 0x0000000782e00000, 0x0000000782f00000|  0%| F|  |TAMS 0x0000000782e00000, 0x0000000782e00000| Untracked 
|  47|0x0000000782f00000, 0x0000000782f00000, 0x0000000783000000|  0%| F|  |TAMS 0x0000000782f00000, 0x0000000782f00000| Untracked 
|  48|0x0000000783000000, 0x0000000783000000, 0x0000000783100000|  0%| F|  |TAMS 0x0000000783000000, 0x0000000783000000| Untracked 
|  49|0x0000000783100000, 0x0000000783100000, 0x0000000783200000|  0%| F|  |TAMS 0x0000000783100000, 0x0000000783100000| Untracked 
|  50|0x0000000783200000, 0x0000000783200000, 0x0000000783300000|  0%| F|  |TAMS 0x0000000783200000, 0x0000000783200000| Untracked 
|  51|0x0000000783300000, 0x0000000783300000, 0x0000000783400000|  0%| F|  |TAMS 0x0000000783300000, 0x0000000783300000| Untracked 
|  52|0x0000000783400000, 0x0000000783400000, 0x0000000783500000|  0%| F|  |TAMS 0x0000000783400000, 0x0000000783400000| Untracked 
|  53|0x0000000783500000, 0x0000000783500000, 0x0000000783600000|  0%| F|  |TAMS 0x0000000783500000, 0x0000000783500000| Untracked 
|  54|0x0000000783600000, 0x0000000783600000, 0x0000000783700000|  0%| F|  |TAMS 0x0000000783600000, 0x0000000783600000| Untracked 
|  55|0x0000000783700000, 0x0000000783700000, 0x0000000783800000|  0%| F|  |TAMS 0x0000000783700000, 0x0000000783700000| Untracked 
|  56|0x0000000783800000, 0x0000000783800000, 0x0000000783900000|  0%| F|  |TAMS 0x0000000783800000, 0x0000000783800000| Untracked 
|  57|0x0000000783900000, 0x0000000783900000, 0x0000000783a00000|  0%| F|  |TAMS 0x0000000783900000, 0x0000000783900000| Untracked 
|  58|0x0000000783a00000, 0x0000000783a00000, 0x0000000783b00000|  0%| F|  |TAMS 0x0000000783a00000, 0x0000000783a00000| Untracked 
|  59|0x0000000783b00000, 0x0000000783b00000, 0x0000000783c00000|  0%| F|  |TAMS 0x0000000783b00000, 0x0000000783b00000| Untracked 
|  60|0x0000000783c00000, 0x0000000783c00000, 0x0000000783d00000|  0%| F|  |TAMS 0x0000000783c00000, 0x0000000783c00000| Untracked 
|  61|0x0000000783d00000, 0x0000000783d00000, 0x0000000783e00000|  0%| F|  |TAMS 0x0000000783d00000, 0x0000000783d00000| Untracked 
|  62|0x0000000783e00000, 0x0000000783e00000, 0x0000000783f00000|  0%| F|  |TAMS 0x0000000783e00000, 0x0000000783e00000| Untracked 
|  63|0x0000000783f00000, 0x0000000783f00000, 0x0000000784000000|  0%| F|  |TAMS 0x0000000783f00000, 0x0000000783f00000| Untracked 
|  64|0x0000000784000000, 0x0000000784000000, 0x0000000784100000|  0%| F|  |TAMS 0x0000000784000000, 0x0000000784000000| Untracked 
|  65|0x0000000784100000, 0x0000000784100000, 0x0000000784200000|  0%| F|  |TAMS 0x0000000784100000, 0x0000000784100000| Untracked 
|  66|0x0000000784200000, 0x0000000784200000, 0x0000000784300000|  0%| F|  |TAMS 0x0000000784200000, 0x0000000784200000| Untracked 
|  67|0x0000000784300000, 0x0000000784300000, 0x0000000784400000|  0%| F|  |TAMS 0x0000000784300000, 0x0000000784300000| Untracked 
|  68|0x0000000784400000, 0x0000000784400000, 0x0000000784500000|  0%| F|  |TAMS 0x0000000784400000, 0x0000000784400000| Untracked 
|  69|0x0000000784500000, 0x0000000784500000, 0x0000000784600000|  0%| F|  |TAMS 0x0000000784500000, 0x0000000784500000| Untracked 
|  70|0x0000000784600000, 0x0000000784600000, 0x0000000784700000|  0%| F|  |TAMS 0x0000000784600000, 0x0000000784600000| Untracked 
|  71|0x0000000784700000, 0x0000000784700000, 0x0000000784800000|  0%| F|  |TAMS 0x0000000784700000, 0x0000000784700000| Untracked 
|  72|0x0000000784800000, 0x0000000784800000, 0x0000000784900000|  0%| F|  |TAMS 0x0000000784800000, 0x0000000784800000| Untracked 
|  73|0x0000000784900000, 0x0000000784900000, 0x0000000784a00000|  0%| F|  |TAMS 0x0000000784900000, 0x0000000784900000| Untracked 
|  74|0x0000000784a00000, 0x0000000784a00000, 0x0000000784b00000|  0%| F|  |TAMS 0x0000000784a00000, 0x0000000784a00000| Untracked 
|  75|0x0000000784b00000, 0x0000000784b00000, 0x0000000784c00000|  0%| F|  |TAMS 0x0000000784b00000, 0x0000000784b00000| Untracked 
|  76|0x0000000784c00000, 0x0000000784c00000, 0x0000000784d00000|  0%| F|  |TAMS 0x0000000784c00000, 0x0000000784c00000| Untracked 
|  77|0x0000000784d00000, 0x0000000784d00000, 0x0000000784e00000|  0%| F|  |TAMS 0x0000000784d00000, 0x0000000784d00000| Untracked 
|  78|0x0000000784e00000, 0x0000000784e00000, 0x0000000784f00000|  0%| F|  |TAMS 0x0000000784e00000, 0x0000000784e00000| Untracked 
|  79|0x0000000784f00000, 0x0000000784f00000, 0x0000000785000000|  0%| F|  |TAMS 0x0000000784f00000, 0x0000000784f00000| Untracked 
|  80|0x0000000785000000, 0x0000000785000000, 0x0000000785100000|  0%| F|  |TAMS 0x0000000785000000, 0x0000000785000000| Untracked 
|  81|0x0000000785100000, 0x0000000785100000, 0x0000000785200000|  0%| F|  |TAMS 0x0000000785100000, 0x0000000785100000| Untracked 
|  82|0x0000000785200000, 0x0000000785200000, 0x0000000785300000|  0%| F|  |TAMS 0x0000000785200000, 0x0000000785200000| Untracked 
|  83|0x0000000785300000, 0x0000000785300000, 0x0000000785400000|  0%| F|  |TAMS 0x0000000785300000, 0x0000000785300000| Untracked 
|  84|0x0000000785400000, 0x0000000785400000, 0x0000000785500000|  0%| F|  |TAMS 0x0000000785400000, 0x0000000785400000| Untracked 
|  85|0x0000000785500000, 0x0000000785500000, 0x0000000785600000|  0%| F|  |TAMS 0x0000000785500000, 0x0000000785500000| Untracked 
|  86|0x0000000785600000, 0x0000000785600000, 0x0000000785700000|  0%| F|  |TAMS 0x0000000785600000, 0x0000000785600000| Untracked 
|  87|0x0000000785700000, 0x0000000785700000, 0x0000000785800000|  0%| F|  |TAMS 0x0000000785700000, 0x0000000785700000| Untracked 
|  88|0x0000000785800000, 0x0000000785800000, 0x0000000785900000|  0%| F|  |TAMS 0x0000000785800000, 0x0000000785800000| Untracked 
|  89|0x0000000785900000, 0x0000000785900000, 0x0000000785a00000|  0%| F|  |TAMS 0x0000000785900000, 0x0000000785900000| Untracked 
|  90|0x0000000785a00000, 0x0000000785a00000, 0x0000000785b00000|  0%| F|  |TAMS 0x0000000785a00000, 0x0000000785a00000| Untracked 
|  91|0x0000000785b00000, 0x0000000785b00000, 0x0000000785c00000|  0%| F|  |TAMS 0x0000000785b00000, 0x0000000785b00000| Untracked 
|  92|0x0000000785c00000, 0x0000000785c00000, 0x0000000785d00000|  0%| F|  |TAMS 0x0000000785c00000, 0x0000000785c00000| Untracked 
|  93|0x0000000785d00000, 0x0000000785d00000, 0x0000000785e00000|  0%| F|  |TAMS 0x0000000785d00000, 0x0000000785d00000| Untracked 
|  94|0x0000000785e00000, 0x0000000785e00000, 0x0000000785f00000|  0%| F|  |TAMS 0x0000000785e00000, 0x0000000785e00000| Untracked 
|  95|0x0000000785f00000, 0x0000000785f00000, 0x0000000786000000|  0%| F|  |TAMS 0x0000000785f00000, 0x0000000785f00000| Untracked 
|  96|0x0000000786000000, 0x0000000786000000, 0x0000000786100000|  0%| F|  |TAMS 0x0000000786000000, 0x0000000786000000| Untracked 
|  97|0x0000000786100000, 0x0000000786100000, 0x0000000786200000|  0%| F|  |TAMS 0x0000000786100000, 0x0000000786100000| Untracked 
|  98|0x0000000786200000, 0x0000000786200000, 0x0000000786300000|  0%| F|  |TAMS 0x0000000786200000, 0x0000000786200000| Untracked 
|  99|0x0000000786300000, 0x0000000786300000, 0x0000000786400000|  0%| F|  |TAMS 0x0000000786300000, 0x0000000786300000| Untracked 
| 100|0x0000000786400000, 0x0000000786400000, 0x0000000786500000|  0%| F|  |TAMS 0x0000000786400000, 0x0000000786400000| Untracked 
| 101|0x0000000786500000, 0x0000000786500000, 0x0000000786600000|  0%| F|  |TAMS 0x0000000786500000, 0x0000000786500000| Untracked 
| 102|0x0000000786600000, 0x0000000786600000, 0x0000000786700000|  0%| F|  |TAMS 0x0000000786600000, 0x0000000786600000| Untracked 
| 103|0x0000000786700000, 0x0000000786700000, 0x0000000786800000|  0%| F|  |TAMS 0x0000000786700000, 0x0000000786700000| Untracked 
| 104|0x0000000786800000, 0x0000000786800000, 0x0000000786900000|  0%| F|  |TAMS 0x0000000786800000, 0x0000000786800000| Untracked 
| 105|0x0000000786900000, 0x0000000786900000, 0x0000000786a00000|  0%| F|  |TAMS 0x0000000786900000, 0x0000000786900000| Untracked 
| 106|0x0000000786a00000, 0x0000000786a00000, 0x0000000786b00000|  0%| F|  |TAMS 0x0000000786a00000, 0x0000000786a00000| Untracked 
| 107|0x0000000786b00000, 0x0000000786b00000, 0x0000000786c00000|  0%| F|  |TAMS 0x0000000786b00000, 0x0000000786b00000| Untracked 
| 108|0x0000000786c00000, 0x0000000786c00000, 0x0000000786d00000|  0%| F|  |TAMS 0x0000000786c00000, 0x0000000786c00000| Untracked 
| 109|0x0000000786d00000, 0x0000000786d00000, 0x0000000786e00000|  0%| F|  |TAMS 0x0000000786d00000, 0x0000000786d00000| Untracked 
| 110|0x0000000786e00000, 0x0000000786e00000, 0x0000000786f00000|  0%| F|  |TAMS 0x0000000786e00000, 0x0000000786e00000| Untracked 
| 111|0x0000000786f00000, 0x0000000786f00000, 0x0000000787000000|  0%| F|  |TAMS 0x0000000786f00000, 0x0000000786f00000| Untracked 
| 112|0x0000000787000000, 0x0000000787000000, 0x0000000787100000|  0%| F|  |TAMS 0x0000000787000000, 0x0000000787000000| Untracked 
| 113|0x0000000787100000, 0x0000000787100000, 0x0000000787200000|  0%| F|  |TAMS 0x0000000787100000, 0x0000000787100000| Untracked 
| 114|0x0000000787200000, 0x0000000787200000, 0x0000000787300000|  0%| F|  |TAMS 0x0000000787200000, 0x0000000787200000| Untracked 
| 115|0x0000000787300000, 0x0000000787300000, 0x0000000787400000|  0%| F|  |TAMS 0x0000000787300000, 0x0000000787300000| Untracked 
| 116|0x0000000787400000, 0x0000000787443130, 0x0000000787500000| 26%| E|  |TAMS 0x0000000787400000, 0x0000000787400000| Complete 
| 117|0x0000000787500000, 0x0000000787600000, 0x0000000787600000|100%| E|CS|TAMS 0x0000000787500000, 0x0000000787500000| Complete 
| 118|0x0000000787600000, 0x0000000787700000, 0x0000000787700000|100%| E|CS|TAMS 0x0000000787600000, 0x0000000787600000| Complete 
| 119|0x0000000787700000, 0x0000000787800000, 0x0000000787800000|100%| E|CS|TAMS 0x0000000787700000, 0x0000000787700000| Complete 
| 120|0x0000000787800000, 0x0000000787900000, 0x0000000787900000|100%| E|CS|TAMS 0x0000000787800000, 0x0000000787800000| Complete 
| 121|0x0000000787900000, 0x0000000787a00000, 0x0000000787a00000|100%| E|CS|TAMS 0x0000000787900000, 0x0000000787900000| Complete 
| 122|0x0000000787a00000, 0x0000000787b00000, 0x0000000787b00000|100%| E|CS|TAMS 0x0000000787a00000, 0x0000000787a00000| Complete 
| 123|0x0000000787b00000, 0x0000000787c00000, 0x0000000787c00000|100%| E|  |TAMS 0x0000000787b00000, 0x0000000787b00000| Complete 
| 124|0x0000000787c00000, 0x0000000787d00000, 0x0000000787d00000|100%| E|CS|TAMS 0x0000000787c00000, 0x0000000787c00000| Complete 
| 125|0x0000000787d00000, 0x0000000787e00000, 0x0000000787e00000|100%| E|CS|TAMS 0x0000000787d00000, 0x0000000787d00000| Complete 
| 126|0x0000000787e00000, 0x0000000787f00000, 0x0000000787f00000|100%| E|CS|TAMS 0x0000000787e00000, 0x0000000787e00000| Complete 
| 127|0x0000000787f00000, 0x0000000788000000, 0x0000000788000000|100%| E|CS|TAMS 0x0000000787f00000, 0x0000000787f00000| Complete 
|2046|0x00000007ffe00000, 0x00000007ffe76000, 0x00000007fff00000| 46%|OA|  |TAMS 0x00000007ffe00000, 0x00000007ffe00000| Untracked 
|2047|0x00000007fff00000, 0x00000007fff7f000, 0x0000000800000000| 49%|CA|  |TAMS 0x00000007fff00000, 0x00000007fff00000| Untracked 

Card table byte_map: [0x0000000106270000,0x0000000106670000] _byte_map_base: 0x0000000102670000

Marking Bits (Prev, Next): (CMBitMap*) 0x00007fab1a829c10, (CMBitMap*) 0x00007fab1a829c50
 Prev Bits: [0x000000011e6ed000, 0x00000001206ed000)
 Next Bits: [0x00000001206ed000, 0x00000001226ed000)

Polling page: 0x0000000105ba7000

Metaspace:

Usage:
  Non-class:      2.82 MB used.
      Class:    364.82 KB used.
       Both:      3.17 MB used.

Virtual space:
  Non-class space:        8.00 MB reserved,       2.88 MB ( 36%) committed,  1 nodes.
      Class space:        1.00 GB reserved,     448.00 KB ( <1%) committed,  1 nodes.
             Both:        1.01 GB reserved,       3.31 MB ( <1%) committed. 

Chunk freelists:
   Non-Class:  2.88 MB
       Class:  3.55 MB
        Both:  6.42 MB

MaxMetaspaceSize: unlimited
CompressedClassSpaceSize: 1.00 GB
Initial GC threshold: 21.00 MB
Current GC threshold: 21.00 MB
CDS: on
MetaspaceReclaimPolicy: balanced
 - commit_granule_bytes: 65536.
 - commit_granule_words: 8192.
 - virtual_space_node_default_size: 1048576.
 - enlarge_chunks_in_place: 1.
 - new_chunks_are_fully_committed: 0.
 - uncommit_free_chunks: 1.
 - use_allocation_guard: 0.
 - handle_deallocations: 1.


Internal statistics:

num_allocs_failed_limit: 0.
num_arena_births: 74.
num_arena_deaths: 0.
num_vsnodes_births: 2.
num_vsnodes_deaths: 0.
num_space_committed: 53.
num_space_uncommitted: 0.
num_chunks_returned_to_freelist: 0.
num_chunks_taken_from_freelist: 152.
num_chunk_merges: 0.
num_chunk_splits: 96.
num_chunks_enlarged: 69.
num_purges: 0.
num_inconsistent_stats: 0.

CodeHeap 'non-profiled nmethods': size=120032Kb used=206Kb max_used=206Kb free=119825Kb
 bounds [0x00000001171b5000, 0x0000000117425000, 0x000000011e6ed000]
CodeHeap 'profiled nmethods': size=120028Kb used=912Kb max_used=912Kb free=119115Kb
 bounds [0x000000010fc7e000, 0x000000010feee000, 0x00000001171b5000]
CodeHeap 'non-nmethods': size=5700Kb used=1177Kb max_used=1194Kb free=4522Kb
 bounds [0x000000010f6ed000, 0x000000010f95d000, 0x000000010fc7e000]
 total_blobs=1104 nmethods=627 adapters=391
 compilation: enabled
              stopped_count=0, restarted_count=0
 full_count=0

Compilation events (20 events):
Event: 0.375 Thread 0x00007fab1c024c00  616       1       java.lang.invoke.InfoFromMemberName::getReferenceKind (5 bytes)
Event: 0.375 Thread 0x00007fab1c024c00 nmethod 616 0x00000001171e6810 code [0x00000001171e69a0, 0x00000001171e6a70]
Event: 0.381 Thread 0x00007fab1c024600  617       4       sun.security.provider.MD5::implCompress (13 bytes)
Event: 0.382 Thread 0x00007fab1c024600 nmethod 617 0x00000001171e6b10 code [0x00000001171e6ca0, 0x00000001171e6d98]
Event: 0.382 Thread 0x00007fab1c024600  618       4       sun.security.provider.MD5::implCompress0 (1407 bytes)
Event: 0.382 Thread 0x00007fab1c024c00  619       3       sun.security.provider.DigestBase::implCompressMultiBlock0 (23 bytes)
Event: 0.383 Thread 0x00007fab1c024c00 nmethod 619 0x000000010fd5fb90 code [0x000000010fd5fd40, 0x000000010fd5ffe0]
Event: 0.384 Thread 0x00007fab1c024c00  620       3       java.io.FilterInputStream::read (9 bytes)
Event: 0.384 Thread 0x00007fab1c024c00 nmethod 620 0x000000010fd60110 code [0x000000010fd602c0, 0x000000010fd604a0]
Event: 0.384 Thread 0x00007fab1c024c00  621       1       java.io.File::getPath (5 bytes)
Event: 0.384 Thread 0x00007fab1c024c00 nmethod 621 0x00000001171e6e90 code [0x00000001171e7020, 0x00000001171e70f0]
Event: 0.389 Thread 0x00007fab1c024c00  624       3       jdk.internal.org.objectweb.asm.Label::resolve (219 bytes)
Event: 0.389 Thread 0x00007fab1c024c00 nmethod 624 0x000000010fd60590 code [0x000000010fd60780, 0x000000010fd60cb0]
Event: 0.389 Thread 0x00007fab1c024c00  625       3       jdk.internal.org.objectweb.asm.ByteVector::putByteArray (49 bytes)
Event: 0.389 Thread 0x00007fab1c024c00 nmethod 625 0x000000010fd60f90 code [0x000000010fd61140, 0x000000010fd61410]
Event: 0.406 Thread 0x00007fab1c024600 nmethod 618 0x00000001171e7890 code [0x00000001171e7a20, 0x00000001171e8718]
Event: 0.447 Thread 0x00007fab1c024c00  626       3       sun.invoke.util.BytecodeDescriptor::unparseSig (49 bytes)
Event: 0.448 Thread 0x00007fab1c024c00 nmethod 626 0x000000010fd61510 code [0x000000010fd61740, 0x000000010fd61c60]
Event: 0.507 Thread 0x00007fab1c024c00  627       3       java.lang.ref.SoftReference::get (29 bytes)
Event: 0.508 Thread 0x00007fab1c024c00 nmethod 627 0x000000010fd61e90 code [0x000000010fd62040, 0x000000010fd62210]

GC Heap History (0 events):
No events

Deoptimization events (10 events):
Event: 0.189 Thread 0x00007fab1c008a00 Uncommon trap: trap_request=0xfffffff4 fr.pc=0x00000001171c89d0 relative=0x00000000000001b0
Event: 0.189 Thread 0x00007fab1c008a00 Uncommon trap: reason=null_check action=make_not_entrant pc=0x00000001171c89d0 method=java.lang.String.equals(Ljava/lang/Object;)Z @ 8 c2
Event: 0.189 Thread 0x00007fab1c008a00 DEOPT PACKING pc=0x00000001171c89d0 sp=0x0000700002f09720
Event: 0.189 Thread 0x00007fab1c008a00 DEOPT UNPACKING pc=0x000000010f73f099 sp=0x0000700002f096e8 mode 2
Event: 0.220 Thread 0x00007fab1c008a00 DEOPT PACKING pc=0x000000010fcbe0cb sp=0x0000700002f05870
Event: 0.220 Thread 0x00007fab1c008a00 DEOPT UNPACKING pc=0x000000010f73f82f sp=0x0000700002f04cf0 mode 0
Event: 0.294 Thread 0x00007fab1a00e600 Uncommon trap: trap_request=0xffffff45 fr.pc=0x00000001171c2e28 relative=0x00000000000006e8
Event: 0.294 Thread 0x00007fab1a00e600 Uncommon trap: reason=unstable_if action=reinterpret pc=0x00000001171c2e28 method=jdk.internal.module.Checks.isJavaIdentifier(Ljava/lang/String;)Z @ 4 c2
Event: 0.294 Thread 0x00007fab1a00e600 DEOPT PACKING pc=0x00000001171c2e28 sp=0x0000700004348d40
Event: 0.294 Thread 0x00007fab1a00e600 DEOPT UNPACKING pc=0x000000010f73f099 sp=0x0000700004348d00 mode 2

Classes unloaded (0 events):
No events

Classes redefined (0 events):
No events

Internal exceptions (8 events):
Event: 0.074 Thread 0x00007fab1c008a00 Exception <a 'java/lang/NoSuchMethodError'{0x0000000787fe6820}: 'void java.lang.invoke.DirectMethodHandle$Holder.invokeVirtual(java.lang.Object, java.lang.Object)'> (0x0000000787fe6820) 
thrown [src/hotspot/share/interpreter/linkResolver.cpp, line 766]
Event: 0.156 Thread 0x00007fab1c008a00 Exception <a 'java/lang/NoSuchMethodError'{0x0000000787df13f0}: 'void java.lang.invoke.DirectMethodHandle$Holder.invokeSpecial(java.lang.Object, java.lang.Object, java.lang.Object)'> (0x0000000787df13f0) 
thrown [src/hotspot/share/interpreter/linkResolver.cpp, line 766]
Event: 0.189 Thread 0x00007fab1c008a00 Implicit null exception at 0x00000001171c8855 to 0x00000001171c89c0
Event: 0.201 Thread 0x00007fab1b81b200 Exception <a 'java/lang/NoSuchMethodError'{0x0000000787b88800}: 'java.lang.Object java.lang.invoke.DirectMethodHandle$Holder.invokeStaticInit(java.lang.Object)'> (0x0000000787b88800) 
thrown [src/hotspot/share/interpreter/linkResolver.cpp, line 766]
Event: 0.205 Thread 0x00007fab1b81b200 Exception <a 'java/lang/ClassNotFoundException'{0x0000000787b93738}: jdk/net/ExtendedSocketOptions> (0x0000000787b93738) 
thrown [src/hotspot/share/classfile/systemDictionary.cpp, line 256]
Event: 0.209 Thread 0x00007fab1c008a00 Exception <a 'java/lang/NoSuchMethodError'{0x0000000787a4fa60}: 'void java.lang.invoke.DirectMethodHandle$Holder.invokeStatic(java.lang.Object, java.lang.Object)'> (0x0000000787a4fa60) 
thrown [src/hotspot/share/interpreter/linkResolver.cpp, line 766]
Event: 0.273 Thread 0x00007fab1c008a00 Exception <a 'java/lang/NoSuchMethodError'{0x000000078771b8e0}: 'void java.lang.invoke.DirectMethodHandle$Holder.invokeStatic(java.lang.Object, java.lang.Object, java.lang.Object)'> (0x000000078771b8e0) 
thrown [src/hotspot/share/interpreter/linkResolver.cpp, line 766]
Event: 0.367 Thread 0x00007fab1c008a00 Exception <a 'java/lang/NoSuchMethodError'{0x00000007877383b8}: 'int java.lang.invoke.DirectMethodHandle$Holder.invokeStaticInit(java.lang.Object, java.lang.Object, java.lang.Object)'> (0x00000007877383b8) 
thrown [src/hotspot/share/interpreter/linkResolver.cpp, line 766]

VM Operations (6 events):
Event: 0.169 Executing VM operation: HandshakeAllThreads
Event: 0.169 Executing VM operation: HandshakeAllThreads done
Event: 0.169 Executing VM operation: HandshakeAllThreads
Event: 0.169 Executing VM operation: HandshakeAllThreads done
Event: 0.199 Executing VM operation: HandshakeAllThreads
Event: 0.199 Executing VM operation: HandshakeAllThreads done

Events (20 events):
Event: 0.330 Loaded shared library /Users/szymonzych/.openjfx/cache/17.0.1/libprism_es2.dylib
Event: 0.366 loading class java/util/concurrent/locks/AbstractQueuedSynchronizer$ConditionNode
Event: 0.366 loading class java/util/concurrent/ForkJoinPool$ManagedBlocker
Event: 0.366 loading class java/util/concurrent/ForkJoinPool$ManagedBlocker done
Event: 0.366 loading class java/util/concurrent/locks/AbstractQueuedSynchronizer$ConditionNode done
Event: 0.386 Loaded shared library /Users/szymonzych/.openjfx/cache/17.0.1/libglass.dylib
Event: 0.387 loading class java/util/concurrent/BlockingDeque
Event: 0.387 loading class java/util/concurrent/BlockingDeque done
Event: 0.387 loading class java/util/concurrent/LinkedBlockingDeque
Event: 0.387 loading class java/util/concurrent/LinkedBlockingDeque done
Event: 0.388 Thread 0x00007fab1b981e00 Thread added: 0x00007fab1b981e00
Event: 0.388 Protecting memory [0x000070000434d000,0x0000700004351000] with protection modes 0
Event: 0.390 Protecting memory [0x00007ff7b9c7c000,0x00007ff7b9c80000] with protection modes 0
Event: 0.390 Thread 0x00007fab1a17ac00 Thread added: 0x00007fab1a17ac00
Event: 0.448 Thread 0x00007fab1c04ee00 Thread added: 0x00007fab1c04ee00
Event: 0.448 Protecting memory [0x0000700004450000,0x0000700004454000] with protection modes 0
Event: 0.507 loading class java/util/concurrent/LinkedBlockingDeque$Node
Event: 0.507 loading class java/util/concurrent/LinkedBlockingDeque$Node done
Event: 0.507 Protecting memory [0x0000700004450000,0x0000700004454000] with protection modes 3
Event: 0.507 Thread 0x00007fab1c04ee00 Thread exited: 0x00007fab1c04ee00


Dynamic libraries:
0x0000000105ba9000 	/usr/local/Cellar/openjdk/17.0.1/libexec/openjdk.jdk/Contents/Home/lib/libjli.dylib
0x00007ff825d67000 	/usr/lib/libz.1.dylib
0x00007ff825e47000 	/usr/lib/libSystem.B.dylib
0x00007ff825e42000 	/usr/lib/system/libcache.dylib
0x00007ff825dfe000 	/usr/lib/system/libcommonCrypto.dylib
0x00007ff825e27000 	/usr/lib/system/libcompiler_rt.dylib
0x00007ff825e1d000 	/usr/lib/system/libcopyfile.dylib
0x00007ff81adbb000 	/usr/lib/system/libcorecrypto.dylib
0x00007ff81ae7a000 	/usr/lib/system/libdispatch.dylib
0x00007ff81b039000 	/usr/lib/system/libdyld.dylib
0x00007ff825e39000 	/usr/lib/system/libkeymgr.dylib
0x00007ff825ddc000 	/usr/lib/system/libmacho.dylib
0x00007ff825473000 	/usr/lib/system/libquarantine.dylib
0x00007ff825e37000 	/usr/lib/system/libremovefile.dylib
0x00007ff81ff91000 	/usr/lib/system/libsystem_asl.dylib
0x00007ff81ad69000 	/usr/lib/system/libsystem_blocks.dylib
0x00007ff81aefe000 	/usr/lib/system/libsystem_c.dylib
0x00007ff825e2f000 	/usr/lib/system/libsystem_collections.dylib
0x00007ff82465a000 	/usr/lib/system/libsystem_configuration.dylib
0x00007ff82391c000 	/usr/lib/system/libsystem_containermanager.dylib
0x00007ff825b1b000 	/usr/lib/system/libsystem_coreservices.dylib
0x00007ff81d65f000 	/usr/lib/system/libsystem_darwin.dylib
0x00007ff825e3a000 	/usr/lib/system/libsystem_dnssd.dylib
0x00007ff81aefb000 	/usr/lib/system/libsystem_featureflags.dylib
0x00007ff81b04f000 	/usr/lib/system/libsystem_info.dylib
0x00007ff825d7a000 	/usr/lib/system/libsystem_m.dylib
0x00007ff81ae4e000 	/usr/lib/system/libsystem_malloc.dylib
0x00007ff81ff2e000 	/usr/lib/system/libsystem_networkextension.dylib
0x00007ff81da87000 	/usr/lib/system/libsystem_notify.dylib
0x00007ff82bf78000 	/usr/lib/system/libsystem_product_info_filter.dylib
0x00007ff82465e000 	/usr/lib/system/libsystem_sandbox.dylib
0x00007ff825e34000 	/usr/lib/system/libsystem_secinit.dylib
0x00007ff81aff6000 	/usr/lib/system/libsystem_kernel.dylib
0x00007ff81b045000 	/usr/lib/system/libsystem_platform.dylib
0x00007ff81b02d000 	/usr/lib/system/libsystem_pthread.dylib
0x00007ff8217e2000 	/usr/lib/system/libsystem_symptoms.dylib
0x00007ff81ada2000 	/usr/lib/system/libsystem_trace.dylib
0x00007ff825e0a000 	/usr/lib/system/libunwind.dylib
0x00007ff81ad6b000 	/usr/lib/system/libxpc.dylib
0x00007ff81afe0000 	/usr/lib/libc++abi.dylib
0x00007ff81aec1000 	/usr/lib/libobjc.A.dylib
0x00007ff825e15000 	/usr/lib/liboah.dylib
0x00007ff81af87000 	/usr/lib/libc++.1.dylib
0x00007ff831ca7000 	/System/Library/Frameworks/Cocoa.framework/Versions/A/Cocoa
0x00007ff81dae5000 	/System/Library/Frameworks/AppKit.framework/Versions/C/AppKit
0x00007ff820fd2000 	/System/Library/Frameworks/CoreData.framework/Versions/A/CoreData
0x00007ff81bf00000 	/System/Library/Frameworks/Foundation.framework/Versions/C/Foundation
0x00007ff81e972000 	/System/Library/PrivateFrameworks/UIFoundation.framework/Versions/A/UIFoundation
0x00007ff82bc7f000 	/System/Library/PrivateFrameworks/RemoteViewServices.framework/Versions/A/RemoteViewServices
0x00007ff823ff3000 	/System/Library/PrivateFrameworks/XCTTargetBootstrap.framework/Versions/A/XCTTargetBootstrap
0x00007ff827c56000 	/System/Library/PrivateFrameworks/InternationalSupport.framework/Versions/A/InternationalSupport
0x00007ff827ce0000 	/System/Library/PrivateFrameworks/UserActivity.framework/Versions/A/UserActivity
0x00007ff827036000 	/usr/lib/libspindump.dylib
0x00007ff81ec00000 	/System/Library/Frameworks/UniformTypeIdentifiers.framework/Versions/A/UniformTypeIdentifiers
0x00007ff822732000 	/usr/lib/libapp_launch_measurement.dylib
0x00007ff82199c000 	/System/Library/PrivateFrameworks/CoreAnalytics.framework/Versions/A/CoreAnalytics
0x00007ff822735000 	/System/Library/PrivateFrameworks/CoreAutoLayout.framework/Versions/A/CoreAutoLayout
0x00007ff823954000 	/System/Library/Frameworks/Metal.framework/Versions/A/Metal
0x00007ff824669000 	/usr/lib/liblangid.dylib
0x00007ff823ff7000 	/System/Library/PrivateFrameworks/CoreSVG.framework/Versions/A/CoreSVG
0x00007ff81ffc2000 	/System/Library/PrivateFrameworks/SkyLight.framework/Versions/A/SkyLight
0x00007ff820353000 	/System/Library/Frameworks/CoreGraphics.framework/Versions/A/CoreGraphics
0x00007ff82c2ea000 	/System/Library/Frameworks/Accelerate.framework/Versions/A/Accelerate
0x00007ff826ab1000 	/System/Library/PrivateFrameworks/IconServices.framework/Versions/A/IconServices
0x00007ff823939000 	/System/Library/Frameworks/IOSurface.framework/Versions/A/IOSurface
0x00007ff8219ca000 	/usr/lib/libDiagnosticMessagesClient.dylib
0x00007ff82f949000 	/System/Library/Frameworks/ApplicationServices.framework/Versions/A/ApplicationServices
0x00007ff823fdf000 	/System/Library/PrivateFrameworks/DFRFoundation.framework/Versions/A/DFRFoundation
0x00007ff81d3d6000 	/usr/lib/libicucore.A.dylib
0x00007ff828978000 	/System/Library/Frameworks/AudioToolbox.framework/Versions/A/AudioToolbox
0x00007ff827c62000 	/System/Library/PrivateFrameworks/DataDetectorsCore.framework/Versions/A/DataDetectorsCore
0x00007ff9234a8000 	/System/Library/PrivateFrameworks/TextInput.framework/Versions/A/TextInput
0x00007ff81ff45000 	/usr/lib/libMobileGestalt.dylib
0x00007ff823ce7000 	/System/Library/Frameworks/Carbon.framework/Versions/A/Frameworks/HIToolbox.framework/Versions/A/HIToolbox
0x00007ff822160000 	/System/Library/Frameworks/QuartzCore.framework/Versions/A/QuartzCore
0x00007ff81d077000 	/System/Library/Frameworks/Security.framework/Versions/A/Security
0x00007ff82bcb7000 	/System/Library/Frameworks/Carbon.framework/Versions/A/Frameworks/SpeechRecognition.framework/Versions/A/SpeechRecognition
0x00007ff822492000 	/System/Library/PrivateFrameworks/CoreUI.framework/Versions/A/CoreUI
0x00007ff81c951000 	/System/Library/Frameworks/CoreAudio.framework/Versions/A/CoreAudio
0x00007ff821ab8000 	/System/Library/Frameworks/DiskArbitration.framework/Versions/A/DiskArbitration
0x00007ff82741d000 	/System/Library/PrivateFrameworks/MultitouchSupport.framework/Versions/A/MultitouchSupport
0x00007ff81ff44000 	/usr/lib/libenergytrace.dylib
0x00007ff81d9d1000 	/System/Library/Frameworks/IOKit.framework/Versions/A/IOKit
0x00007ff82c0a1000 	/System/Library/Frameworks/CoreServices.framework/Versions/A/CoreServices
0x00007ff8226cc000 	/System/Library/PrivateFrameworks/PerformanceAnalysis.framework/Versions/A/PerformanceAnalysis
0x00007ffa32a69000 	/System/Library/Frameworks/OpenGL.framework/Versions/A/OpenGL
0x00007ff82539f000 	/System/Library/PrivateFrameworks/MobileKeyBag.framework/Versions/A/MobileKeyBag
0x00007ff820a1f000 	/System/Library/Frameworks/ColorSync.framework/Versions/A/ColorSync
0x00007ff81b07a000 	/System/Library/Frameworks/CoreFoundation.framework/Versions/A/CoreFoundation
0x00007ff824270000 	/System/Library/Frameworks/CoreImage.framework/Versions/A/CoreImage
0x00007ff81c767000 	/System/Library/Frameworks/CoreText.framework/Versions/A/CoreText
0x00007ff824026000 	/System/Library/Frameworks/ImageIO.framework/Versions/A/ImageIO
0x00007ff825e4d000 	/System/Library/PrivateFrameworks/SoftLinking.framework/Versions/A/SoftLinking
0x00007ff82277d000 	/usr/lib/libxml2.2.dylib
0x00007ff8260d0000 	/usr/lib/libcompression.dylib
0x00007ff827b8c000 	/System/Library/PrivateFrameworks/TextureIO.framework/Versions/A/TextureIO
0x00007ff8267c3000 	/usr/lib/libate.dylib
0x00007ff8265a1000 	/usr/lib/liblzma.5.dylib
0x00007ff81bc11000 	/System/Library/Frameworks/SystemConfiguration.framework/Versions/A/SystemConfiguration
0x00007ff825e49000 	/usr/lib/libfakelink.dylib
0x00007ff81fa98000 	/System/Library/Frameworks/CFNetwork.framework/Versions/A/CFNetwork
0x00007ff825f88000 	/usr/lib/libarchive.2.dylib
0x00007ff824665000 	/System/Library/PrivateFrameworks/AppleSystemInfo.framework/Versions/A/AppleSystemInfo
0x00007ff825499000 	/usr/lib/libbsm.0.dylib
0x00007ff81f0cf000 	/usr/lib/libnetwork.dylib
0x00007ff825de2000 	/usr/lib/system/libkxld.dylib
0x00007ff8250c8000 	/System/Library/PrivateFrameworks/IOMobileFramebuffer.framework/Versions/A/IOMobileFramebuffer
0x00007ffb30552000 	/usr/lib/libCoreEntitlements.dylib
0x00007ff825afd000 	/System/Library/PrivateFrameworks/AppleFSCompression.framework/Versions/A/AppleFSCompression
0x00007ff825482000 	/usr/lib/libcoretls.dylib
0x00007ff8265bb000 	/usr/lib/libcoretls_cfhelpers.dylib
0x00007ff8260cb000 	/usr/lib/libpam.2.dylib
0x00007ff821404000 	/usr/lib/libsqlite3.dylib
0x00007ff82662a000 	/usr/lib/libxar.1.dylib
0x00007ff825b0d000 	/usr/lib/libbz2.1.0.dylib
0x00007ff825e4e000 	/usr/lib/libpcap.A.dylib
0x00007ff8217d9000 	/usr/lib/libdns_services.dylib
0x00007ff82609a000 	/usr/lib/libapple_nghttp2.dylib
0x00007ff825e85000 	/usr/lib/libiconv.2.dylib
0x00007ff825ddb000 	/usr/lib/libcharset.1.dylib
0x00007ff822700000 	/System/Library/Frameworks/CoreServices.framework/Versions/A/Frameworks/FSEvents.framework/Versions/A/FSEvents
0x00007ff81d669000 	/System/Library/Frameworks/CoreServices.framework/Versions/A/Frameworks/CarbonCore.framework/Versions/A/CarbonCore
0x00007ff821a1d000 	/System/Library/Frameworks/CoreServices.framework/Versions/A/Frameworks/Metadata.framework/Versions/A/Metadata
0x00007ff825b20000 	/System/Library/Frameworks/CoreServices.framework/Versions/A/Frameworks/OSServices.framework/Versions/A/OSServices
0x00007ff82600e000 	/System/Library/Frameworks/CoreServices.framework/Versions/A/Frameworks/SearchKit.framework/Versions/A/SearchKit
0x00007ff82176b000 	/System/Library/Frameworks/CoreServices.framework/Versions/A/Frameworks/AE.framework/Versions/A/AE
0x00007ff81b57d000 	/System/Library/Frameworks/CoreServices.framework/Versions/A/Frameworks/LaunchServices.framework/Versions/A/LaunchServices
0x00007ff826552000 	/System/Library/Frameworks/CoreServices.framework/Versions/A/Frameworks/DictionaryServices.framework/Versions/A/DictionaryServices
0x00007ff82270d000 	/System/Library/Frameworks/CoreServices.framework/Versions/A/Frameworks/SharedFileList.framework/Versions/A/SharedFileList
0x00007ff825476000 	/usr/lib/libCheckFix.dylib
0x00007ff81ffa8000 	/System/Library/PrivateFrameworks/TCC.framework/Versions/A/TCC
0x00007ff82466b000 	/System/Library/PrivateFrameworks/CoreNLP.framework/Versions/A/CoreNLP
0x00007ff8219cd000 	/System/Library/PrivateFrameworks/MetadataUtilities.framework/Versions/A/MetadataUtilities
0x00007ff81bcc1000 	/usr/lib/libmecabra.dylib
0x00007ff8254a9000 	/usr/lib/libmecab.dylib
0x00007ff81bc8c000 	/usr/lib/libCRFSuite.dylib
0x00007ff825506000 	/usr/lib/libgermantok.dylib
0x00007ff826075000 	/usr/lib/libThaiTokenizer.dylib
0x00007ff821abf000 	/System/Library/Frameworks/Accelerate.framework/Versions/A/Frameworks/vImage.framework/Versions/A/vImage
0x00007ff82c078000 	/System/Library/Frameworks/Accelerate.framework/Versions/A/Frameworks/vecLib.framework/Versions/A/vecLib
0x00007ff82666b000 	/System/Library/Frameworks/Accelerate.framework/Versions/A/Frameworks/vecLib.framework/Versions/A/libvMisc.dylib
0x00007ff824ee6000 	/System/Library/Frameworks/Accelerate.framework/Versions/A/Frameworks/vecLib.framework/Versions/A/libvDSP.dylib
0x00007ff81b8f5000 	/System/Library/Frameworks/Accelerate.framework/Versions/A/Frameworks/vecLib.framework/Versions/A/libBLAS.dylib
0x00007ff8261ac000 	/System/Library/Frameworks/Accelerate.framework/Versions/A/Frameworks/vecLib.framework/Versions/A/libLAPACK.dylib
0x00007ff825509000 	/System/Library/Frameworks/Accelerate.framework/Versions/A/Frameworks/vecLib.framework/Versions/A/libLinearAlgebra.dylib
0x00007ff8260b3000 	/System/Library/Frameworks/Accelerate.framework/Versions/A/Frameworks/vecLib.framework/Versions/A/libSparseBLAS.dylib
0x00007ff8261a6000 	/System/Library/Frameworks/Accelerate.framework/Versions/A/Frameworks/vecLib.framework/Versions/A/libQuadrature.dylib
0x00007ff824755000 	/System/Library/Frameworks/Accelerate.framework/Versions/A/Frameworks/vecLib.framework/Versions/A/libBNNS.dylib
0x00007ff81bba2000 	/System/Library/Frameworks/Accelerate.framework/Versions/A/Frameworks/vecLib.framework/Versions/A/libSparse.dylib
0x00007ff82474e000 	/System/Library/PrivateFrameworks/LinguisticData.framework/Versions/A/LinguisticData
0x00007ff81bb57000 	/System/Library/PrivateFrameworks/Lexicon.framework/Versions/A/Lexicon
0x00007ff826664000 	/usr/lib/libChineseTokenizer.dylib
0x00007ff81c2bb000 	/System/Library/PrivateFrameworks/LanguageModeling.framework/Versions/A/LanguageModeling
0x00007ff826077000 	/System/Library/PrivateFrameworks/AppleSauce.framework/Versions/A/AppleSauce
0x00007ff8250b6000 	/System/Library/PrivateFrameworks/CoreEmoji.framework/Versions/A/CoreEmoji
0x00007ff825f77000 	/usr/lib/libcmph.dylib
0x00007ff8226e4000 	/System/Library/Frameworks/OpenDirectory.framework/Versions/A/Frameworks/CFOpenDirectory.framework/Versions/A/CFOpenDirectory
0x00007ff8226d8000 	/System/Library/Frameworks/OpenDirectory.framework/Versions/A/OpenDirectory
0x00007ff8265bd000 	/System/Library/PrivateFrameworks/APFS.framework/Versions/A/APFS
0x00007ff8253d7000 	/System/Library/Frameworks/SecurityFoundation.framework/Versions/A/SecurityFoundation
0x00007ff826638000 	/usr/lib/libutil.dylib
0x00007ff81d994000 	/System/Library/PrivateFrameworks/CoreServicesStore.framework/Versions/A/CoreServicesStore
0x00007ff82663c000 	/usr/lib/libxslt.1.dylib
0x00007ff825464000 	/System/Library/PrivateFrameworks/BackgroundTaskManagement.framework/Versions/A/BackgroundTaskManagement
0x00007ff827aac000 	/System/Library/Frameworks/ImageIO.framework/Versions/A/Resources/libRadiance.dylib
0x00007ff827ab5000 	/System/Library/Frameworks/ImageIO.framework/Versions/A/Resources/libJPEG.dylib
0x00007ff827a05000 	/System/Library/Frameworks/ImageIO.framework/Versions/A/Resources/libPng.dylib
0x00007ff827a26000 	/System/Library/Frameworks/ImageIO.framework/Versions/A/Resources/libTIFF.dylib
0x00007ff827b15000 	/System/Library/Frameworks/ImageIO.framework/Versions/A/Resources/libGIF.dylib
0x00007ff827336000 	/System/Library/Frameworks/ImageIO.framework/Versions/A/Resources/libJP2.dylib
0x00007ff826a78000 	/usr/lib/libexpat.1.dylib
0x00007ff8272eb000 	/System/Library/PrivateFrameworks/AppleJPEG.framework/Versions/A/AppleJPEG
0x00007ff823bae000 	/System/Library/PrivateFrameworks/FontServices.framework/libFontParser.dylib
0x00007ff821715000 	/System/Library/PrivateFrameworks/RunningBoardServices.framework/Versions/A/RunningBoardServices
0x00007ff832218000 	/System/Library/PrivateFrameworks/IOSurfaceAccelerator.framework/Versions/A/IOSurfaceAccelerator
0x00007ff827419000 	/System/Library/PrivateFrameworks/WatchdogClient.framework/Versions/A/WatchdogClient
0x00007ff81c3aa000 	/System/Library/Frameworks/CoreDisplay.framework/Versions/A/CoreDisplay
0x00007ff823aae000 	/System/Library/Frameworks/CoreMedia.framework/Versions/A/CoreMedia
0x00007ff82394b000 	/System/Library/PrivateFrameworks/IOAccelerator.framework/Versions/A/IOAccelerator
0x00007ff822860000 	/System/Library/Frameworks/CoreVideo.framework/Versions/A/CoreVideo
0x00007ff8260c9000 	/System/Library/Frameworks/MetalPerformanceShaders.framework/Versions/A/MetalPerformanceShaders
0x00007ff827454000 	/System/Library/Frameworks/VideoToolbox.framework/Versions/A/VideoToolbox
0x00007ff82165d000 	/System/Library/PrivateFrameworks/BaseBoard.framework/Versions/A/BaseBoard
0x00007ff8213ea000 	/System/Library/PrivateFrameworks/ProtocolBuffer.framework/Versions/A/ProtocolBuffer
0x00007ff827aa5000 	/System/Library/PrivateFrameworks/GPUWrangler.framework/Versions/A/GPUWrangler
0x00007ff827a88000 	/System/Library/PrivateFrameworks/IOPresentment.framework/Versions/A/IOPresentment
0x00007ff827aaf000 	/System/Library/PrivateFrameworks/DSExternalDisplay.framework/Versions/A/DSExternalDisplay
0x00007ffa32a5d000 	/System/Library/Frameworks/OpenGL.framework/Versions/A/Libraries/libCoreFSCache.dylib
0x00007ffb1eb51000 	/System/Library/PrivateFrameworks/GPUCompiler.framework/Versions/31001/Libraries/libGPUCompilerUtils.dylib
0x00007ff827b1a000 	/System/Library/PrivateFrameworks/CMCaptureCore.framework/Versions/A/CMCaptureCore
0x00007ff827024000 	/System/Library/PrivateFrameworks/AppServerSupport.framework/Versions/A/AppServerSupport
0x00007ff8291f5000 	/System/Library/PrivateFrameworks/perfdata.framework/Versions/A/perfdata
0x00007ff81c4d6000 	/System/Library/PrivateFrameworks/AudioToolboxCore.framework/Versions/A/AudioToolboxCore
0x00007ff823a8b000 	/System/Library/PrivateFrameworks/caulk.framework/Versions/A/caulk
0x00007ff828b22000 	/usr/lib/libAudioStatistics.dylib
0x00007ff91fd67000 	/System/Library/PrivateFrameworks/SystemPolicy.framework/Versions/A/SystemPolicy
0x00007ff828d6e000 	/usr/lib/libSMC.dylib
0x00007ff831b5a000 	/System/Library/Frameworks/CoreMIDI.framework/Versions/A/CoreMIDI
0x00007ff8279d5000 	/usr/lib/libAudioToolboxUtility.dylib
0x00007ff91c1ef000 	/System/Library/PrivateFrameworks/OSAServicesClient.framework/Versions/A/OSAServicesClient
0x00007ff829202000 	/usr/lib/libperfcheck.dylib
0x00007ff9207f3000 	/usr/lib/libmis.dylib
0x00007ffa32ab9000 	/System/Library/Frameworks/OpenGL.framework/Versions/A/Libraries/libGLU.dylib
0x00007ffa32a7c000 	/System/Library/Frameworks/OpenGL.framework/Versions/A/Libraries/libGFXShared.dylib
0x00007ffa32c8a000 	/System/Library/Frameworks/OpenGL.framework/Versions/A/Libraries/libGL.dylib
0x00007ffa32a85000 	/System/Library/Frameworks/OpenGL.framework/Versions/A/Libraries/libGLImage.dylib
0x00007ffa32a79000 	/System/Library/Frameworks/OpenGL.framework/Versions/A/Libraries/libCVMSPluginSupport.dylib
0x00007ffa32a64000 	/System/Library/Frameworks/OpenGL.framework/Versions/A/Libraries/libCoreVMClient.dylib
0x00007ff8245e9000 	/System/Library/Frameworks/MetalPerformanceShaders.framework/Versions/A/Frameworks/MPSCore.framework/Versions/A/MPSCore
0x00007ff825a68000 	/System/Library/Frameworks/MetalPerformanceShaders.framework/Versions/A/Frameworks/MPSImage.framework/Versions/A/MPSImage
0x00007ff82551f000 	/System/Library/Frameworks/MetalPerformanceShaders.framework/Versions/A/Frameworks/MPSNeuralNetwork.framework/Versions/A/MPSNeuralNetwork
0x00007ff825994000 	/System/Library/Frameworks/MetalPerformanceShaders.framework/Versions/A/Frameworks/MPSMatrix.framework/Versions/A/MPSMatrix
0x00007ff825750000 	/System/Library/Frameworks/MetalPerformanceShaders.framework/Versions/A/Frameworks/MPSRayIntersector.framework/Versions/A/MPSRayIntersector
0x00007ff8259cd000 	/System/Library/Frameworks/MetalPerformanceShaders.framework/Versions/A/Frameworks/MPSNDArray.framework/Versions/A/MPSNDArray
0x00007ffa37662000 	/System/Library/Frameworks/MetalPerformanceShaders.framework/Versions/A/Frameworks/MPSFunctions.framework/Versions/A/MPSFunctions
0x00007ff81b7d8000 	/System/Library/PrivateFrameworks/MetalTools.framework/Versions/A/MetalTools
0x00007ff824663000 	/System/Library/PrivateFrameworks/AggregateDictionary.framework/Versions/A/AggregateDictionary
0x00007ff82685a000 	/usr/lib/libIOReport.dylib
0x00007ffa34099000 	/System/Library/Frameworks/OpenCL.framework/Versions/A/OpenCL
0x00007ff826bbe000 	/System/Library/PrivateFrameworks/FaceCore.framework/Versions/A/FaceCore
0x00007ff826baf000 	/System/Library/PrivateFrameworks/GraphVisualizer.framework/Versions/A/GraphVisualizer
0x00007ffb1ea5c000 	/System/Library/PrivateFrameworks/FontServices.framework/Versions/A/FontServices
0x00007ff826fdb000 	/System/Library/PrivateFrameworks/OTSVG.framework/Versions/A/OTSVG
0x00007ff822448000 	/System/Library/Frameworks/ApplicationServices.framework/Versions/A/Frameworks/ATS.framework/Versions/A/Resources/libFontRegistry.dylib
0x00007ff82702c000 	/System/Library/PrivateFrameworks/FontServices.framework/libhvf.dylib
0x00007ffb1ea5d000 	/System/Library/PrivateFrameworks/FontServices.framework/libXTFontStaticRegistryData.dylib
0x00007ff826a28000 	/System/Library/PrivateFrameworks/AppleVA.framework/Versions/A/AppleVA
0x00007ff828b42000 	/System/Library/Frameworks/ApplicationServices.framework/Versions/A/Frameworks/ATS.framework/Versions/A/ATS
0x00007ff820b1b000 	/System/Library/Frameworks/ApplicationServices.framework/Versions/A/Frameworks/HIServices.framework/Versions/A/HIServices
0x00007ff827b24000 	/System/Library/Frameworks/ApplicationServices.framework/Versions/A/Frameworks/PrintCore.framework/Versions/A/PrintCore
0x00007ff828ec1000 	/System/Library/Frameworks/ApplicationServices.framework/Versions/A/Frameworks/QD.framework/Versions/A/QD
0x00007ff828eb9000 	/System/Library/Frameworks/ApplicationServices.framework/Versions/A/Frameworks/ColorSyncLegacy.framework/Versions/A/ColorSyncLegacy
0x00007ff828b32000 	/System/Library/Frameworks/ApplicationServices.framework/Versions/A/Frameworks/SpeechSynthesis.framework/Versions/A/SpeechSynthesis
0x00007ff827ae5000 	/System/Library/Frameworks/ApplicationServices.framework/Versions/A/Frameworks/ATSUI.framework/Versions/A/ATSUI
0x00007ff828e4e000 	/usr/lib/libcups.2.dylib
0x00007ff829211000 	/System/Library/Frameworks/Kerberos.framework/Versions/A/Kerberos
0x00007ff829220000 	/System/Library/Frameworks/GSS.framework/Versions/A/GSS
0x00007ff828bae000 	/usr/lib/libresolv.9.dylib
0x00007ff82703b000 	/System/Library/PrivateFrameworks/Heimdal.framework/Versions/A/Heimdal
0x00007ff82fcc4000 	/System/Library/Frameworks/Kerberos.framework/Versions/A/Libraries/libHeimdalProxy.dylib
0x00007ff8217ea000 	/System/Library/Frameworks/Network.framework/Versions/A/Network
0x00007ff826a92000 	/usr/lib/libheimdal-asn1.dylib
0x00007ff82926b000 	/System/Library/PrivateFrameworks/CommonAuth.framework/Versions/A/CommonAuth
0x00007ff828ab3000 	/System/Library/PrivateFrameworks/AudioSession.framework/Versions/A/AudioSession
0x00007ff826b22000 	/System/Library/PrivateFrameworks/MediaExperience.framework/Versions/A/MediaExperience
0x00007ff828947000 	/System/Library/PrivateFrameworks/AudioSession.framework/libSessionUtility.dylib
0x00007ff828ecd000 	/System/Library/PrivateFrameworks/AudioResourceArbitration.framework/Versions/A/AudioResourceArbitration
0x00007ff826a9b000 	/System/Library/PrivateFrameworks/IconFoundation.framework/Versions/A/IconFoundation
0x00007ff82bca7000 	/System/Library/PrivateFrameworks/SpeechRecognitionCore.framework/Versions/A/SpeechRecognitionCore
0x0000000106e84000 	/usr/local/Cellar/openjdk/17.0.1/libexec/openjdk.jdk/Contents/Home/lib/server/libjvm.dylib
0x0000000105bd3000 	/usr/local/Cellar/openjdk/17.0.1/libexec/openjdk.jdk/Contents/Home/lib/libjimage.dylib
0x0000000105bf1000 	/usr/local/Cellar/openjdk/17.0.1/libexec/openjdk.jdk/Contents/Home/lib/libinstrument.dylib
0x0000000105c2e000 	/usr/local/Cellar/openjdk/17.0.1/libexec/openjdk.jdk/Contents/Home/lib/libjava.dylib
0x0000000106ab5000 	/usr/local/Cellar/openjdk/17.0.1/libexec/openjdk.jdk/Contents/Home/lib/libnio.dylib
0x0000000106acd000 	/usr/local/Cellar/openjdk/17.0.1/libexec/openjdk.jdk/Contents/Home/lib/libnet.dylib
0x0000000106ae9000 	/usr/local/Cellar/openjdk/17.0.1/libexec/openjdk.jdk/Contents/Home/lib/libzip.dylib
0x0000000106af9000 	/Users/szymonzych/.openjfx/cache/17.0.1/libprism_es2.dylib
0x00007ff81d955000 	/System/Library/PrivateFrameworks/CoreServicesInternal.framework/Versions/A/CoreServicesInternal
0x00007ffa32c95000 	/System/Library/Frameworks/OpenGL.framework/Versions/A/Resources/GLEngine.bundle/GLEngine
0x00007ffa32af7000 	/System/Library/Frameworks/OpenGL.framework/Versions/A/Libraries/libGLProgrammability.dylib
0x00007ffa26ec0000 	/System/Library/Extensions/AppleIntelKBLGraphicsGLDriver.bundle/Contents/MacOS/AppleIntelKBLGraphicsGLDriver
0x00007ff92a5dc000 	/System/Library/PrivateFrameworks/GPUSupport.framework/Versions/A/Libraries/libGPUSupportMercury.dylib
0x00007ffa32e24000 	/System/Library/Frameworks/OpenGL.framework/Versions/A/Resources/GLRendererFloat.bundle/GLRendererFloat
0x0000000126d82000 	/Users/szymonzych/.openjfx/cache/17.0.1/libglass.dylib
0x00007ff82d478000 	/System/Library/Frameworks/FileProvider.framework/Versions/A/FileProvider
0x00007ff8215c9000 	/System/Library/Frameworks/Accounts.framework/Versions/A/Accounts
0x00007ff82d5f0000 	/System/Library/PrivateFrameworks/GenerationalStorage.framework/Versions/A/GenerationalStorage
0x00007ff82e0fd000 	/System/Library/PrivateFrameworks/CoreSymbolication.framework/Versions/A/CoreSymbolication
0x00007ff82ce7c000 	/System/Library/PrivateFrameworks/SymptomDiagnosticReporter.framework/Versions/A/SymptomDiagnosticReporter
0x00007ff81ec14000 	/System/Library/PrivateFrameworks/DesktopServicesPriv.framework/Versions/A/DesktopServicesPriv
0x00007ff81da96000 	/usr/lib/libsandbox.1.dylib
0x00007ff8228de000 	/System/Library/PrivateFrameworks/UserManagement.framework/Versions/A/UserManagement
0x00007ff82e0c2000 	/System/Library/PrivateFrameworks/DebugSymbols.framework/Versions/A/DebugSymbols
0x00007ff828eae000 	/System/Library/PrivateFrameworks/NetAuth.framework/Versions/A/NetAuth
0x00007ff829d9a000 	/System/Library/PrivateFrameworks/Sharing.framework/Versions/A/Sharing
0x00007ff8228b1000 	/System/Library/PrivateFrameworks/login.framework/Versions/A/Frameworks/loginsupport.framework/Versions/A/loginsupport
0x00007ff82f1fa000 	/System/Library/PrivateFrameworks/Apple80211.framework/Versions/A/Apple80211
0x00007ff825b4d000 	/System/Library/PrivateFrameworks/AuthKit.framework/Versions/A/AuthKit
0x00007ff8251ac000 	/System/Library/PrivateFrameworks/CoreUtils.framework/Versions/A/CoreUtils
0x00007ff8250d3000 	/System/Library/Frameworks/CoreWLAN.framework/Versions/A/CoreWLAN
0x00007ff829ef5000 	/System/Library/Frameworks/IOBluetooth.framework/Versions/A/IOBluetooth
0x00007ff82f262000 	/System/Library/PrivateFrameworks/CoreWiFi.framework/Versions/A/CoreWiFi
0x00007ff82dc97000 	/System/Library/PrivateFrameworks/FrontBoardServices.framework/Versions/A/FrontBoardServices
0x00007ff82dd29000 	/System/Library/PrivateFrameworks/BoardServices.framework/Versions/A/BoardServices
0x00007ff8253c6000 	/System/Library/PrivateFrameworks/AssertionServices.framework/Versions/A/AssertionServices
0x00007ff82f3e6000 	/System/Library/PrivateFrameworks/BackBoardServices.framework/Versions/A/BackBoardServices
0x00007ff8292fa000 	/System/Library/PrivateFrameworks/CorePhoneNumbers.framework/Versions/A/CorePhoneNumbers
0x00007ff82cf99000 	/System/Library/PrivateFrameworks/DiskManagement.framework/Versions/A/DiskManagement
0x00007ff82cead000 	/System/Library/PrivateFrameworks/AppleIDAuthSupport.framework/Versions/A/AppleIDAuthSupport
0x00007ffa395c8000 	/System/Library/PrivateFrameworks/AAAFoundation.framework/Versions/A/AAAFoundation
0x00007ff8292db000 	/System/Library/PrivateFrameworks/KeychainCircle.framework/Versions/A/KeychainCircle
0x00007ff82cf65000 	/System/Library/PrivateFrameworks/MediaKit.framework/Versions/A/MediaKit
0x00007ff82ceb9000 	/System/Library/Frameworks/DiscRecording.framework/Versions/A/DiscRecording
0x00007ff8269a0000 	/usr/lib/libCoreStorage.dylib
0x00007ff82f6d3000 	/usr/lib/libcsfde.dylib
0x00007ff829fc2000 	/System/Library/PrivateFrameworks/ProtectedCloudStorage.framework/Versions/A/ProtectedCloudStorage
0x00007ff82f6cf000 	/System/Library/PrivateFrameworks/EFILogin.framework/Versions/A/EFILogin
0x00007ff82d616000 	/System/Library/PrivateFrameworks/OctagonTrust.framework/Versions/A/OctagonTrust
0x00007ffb1dd96000 	/System/Library/PrivateFrameworks/CoreUtilsExtras.framework/Versions/A/CoreUtilsExtras
0x00007ff82cdec000 	/System/Library/Frameworks/CoreBluetooth.framework/Versions/A/CoreBluetooth
0x00007ff82fd49000 	/System/Library/Frameworks/AudioUnit.framework/Versions/A/AudioUnit
0x00007ff826998000 	/usr/lib/libMatch.1.dylib
0x00007ff924bc6000 	/System/Library/Frameworks/Accelerate.framework/Versions/A/Frameworks/vImage.framework/Versions/A/Libraries/libCGInterfaces.dylib
0x000000012851a000 	/usr/lib/libobjc-trampolines.dylib
0x00007ff8225d8000 	/System/Library/PrivateFrameworks/ViewBridge.framework/Versions/A/ViewBridge


VM Arguments:
jvm_args: -javaagent:/Applications/IntelliJ IDEA CE.app/Contents/lib/idea_rt.jar=61994:/Applications/IntelliJ IDEA CE.app/Contents/bin -Dfile.encoding=UTF-8 --module-path=/Users/szymonzych/Documents/Study/AplikacjeOkienkowe/JournalFX/target/classes:/Users/szymonzych/.m2/repository/org/openjfx/javafx-fxml/17.0.1/javafx-fxml-17.0.1-mac.jar:/Users/szymonzych/.m2/repository/org/openjfx/javafx-controls/17.0.1/javafx-controls-17.0.1-mac.jar:/Users/szymonzych/.m2/repository/org/openjfx/javafx-graphics/17.0.1/javafx-graphics-17.0.1-mac.jar:/Users/szymonzych/.m2/repository/org/kordamp/bootstrapfx/bootstrapfx-core/0.4.0/bootstrapfx-core-0.4.0.jar:/Users/szymonzych/.m2/repository/com/dlsc/formsfx/formsfx-core/11.3.2/formsfx-core-11.3.2.jar:/Users/szymonzych/.m2/repository/org/controlsfx/controlsfx/11.1.0/controlsfx-11.1.0.jar:/Users/szymonzych/.m2/repository/org/openjfx/javafx-base/17.0.1/javafx-base-17.0.1-mac.jar -Djdk.module.main=com.example.journalfx 
java_command: com.example.journalfx/com.example.journalfx.HelloApplication
java_class_path (initial): /Users/szymonzych/.m2/repository/org/openjfx/javafx-controls/17.0.1/javafx-controls-17.0.1.jar:/Users/szymonzych/.m2/repository/org/openjfx/javafx-graphics/17.0.1/javafx-graphics-17.0.1.jar:/Users/szymonzych/.m2/repository/org/openjfx/javafx-base/17.0.1/javafx-base-17.0.1.jar:/Users/szymonzych/.m2/repository/org/openjfx/javafx-fxml/17.0.1/javafx-fxml-17.0.1.jar
Launcher Type: SUN_STANDARD

[Global flags]
     intx CICompilerCount                          = 3                                         {product} {ergonomic}
     uint ConcGCThreads                            = 1                                         {product} {ergonomic}
     uint G1ConcRefinementThreads                  = 4                                         {product} {ergonomic}
   size_t G1HeapRegionSize                         = 1048576                                   {product} {ergonomic}
    uintx GCDrainStackTargetSize                   = 64                                        {product} {ergonomic}
   size_t InitialHeapSize                          = 134217728                                 {product} {ergonomic}
   size_t MarkStackSize                            = 4194304                                   {product} {ergonomic}
   size_t MaxHeapSize                              = 2147483648                                {product} {ergonomic}
   size_t MaxNewSize                               = 1287651328                                {product} {ergonomic}
   size_t MinHeapDeltaBytes                        = 1048576                                   {product} {ergonomic}
   size_t MinHeapSize                              = 8388608                                   {product} {ergonomic}
    uintx NonNMethodCodeHeapSize                   = 5832780                                {pd product} {ergonomic}
    uintx NonProfiledCodeHeapSize                  = 122912730                              {pd product} {ergonomic}
    uintx ProfiledCodeHeapSize                     = 122912730                              {pd product} {ergonomic}
    uintx ReservedCodeCacheSize                    = 251658240                              {pd product} {ergonomic}
     bool SegmentedCodeCache                       = true                                      {product} {ergonomic}
   size_t SoftMaxHeapSize                          = 2147483648                             {manageable} {ergonomic}
     bool UseCompressedClassPointers               = true                           {product lp64_product} {ergonomic}
     bool UseCompressedOops                        = true                           {product lp64_product} {ergonomic}
     bool UseG1GC                                  = true                                      {product} {ergonomic}
     bool UseNUMA                                  = false                                     {product} {ergonomic}
     bool UseNUMAInterleaving                      = false                                     {product} {ergonomic}

Logging:
Log output configuration:
 #0: stdout all=warning uptime,level,tags
 #1: stderr all=off uptime,level,tags

Environment Variables:
PATH=/usr/local/opt/openjdk/bin:/usr/local/bin:/usr/bin:/bin:/usr/sbin:/sbin
SHELL=/bin/zsh
LC_CTYPE=en_GB.UTF-8

Signal Handlers:
   SIGSEGV: _ZL13crash_handleriP9__siginfoPv in libjvm.dylib, mask=11100110000111110111111111111111, flags=SA_RESTART|SA_SIGINFO
    SIGBUS: _ZL13crash_handleriP9__siginfoPv in libjvm.dylib, mask=11100110000111110111111111111111, flags=SA_RESTART|SA_SIGINFO
    SIGFPE: _ZL13crash_handleriP9__siginfoPv in libjvm.dylib, mask=11100110000111110111111111111111, flags=SA_RESTART|SA_SIGINFO
   SIGPIPE: _ZL17javaSignalHandleriP9__siginfoPv in libjvm.dylib, mask=11100110000111110111111111111111, flags=SA_RESTART|SA_SIGINFO
   SIGXFSZ: _ZL17javaSignalHandleriP9__siginfoPv in libjvm.dylib, mask=11100110000111110111111111111111, flags=SA_RESTART|SA_SIGINFO
    SIGILL: _ZL13crash_handleriP9__siginfoPv in libjvm.dylib, mask=11100110000111110111111111111111, flags=SA_RESTART|SA_SIGINFO
   SIGUSR2: _ZL10SR_handleriP9__siginfoP17__darwin_ucontext in libjvm.dylib, mask=00100000000000000000000000000000, flags=SA_RESTART|SA_SIGINFO
    SIGHUP: _ZL11UserHandleriPvS_ in libjvm.dylib, mask=11100110000111110111111111111111, flags=SA_RESTART|SA_SIGINFO
    SIGINT: _ZL11UserHandleriPvS_ in libjvm.dylib, mask=11100110000111110111111111111111, flags=SA_RESTART|SA_SIGINFO
   SIGTERM: _ZL11UserHandleriPvS_ in libjvm.dylib, mask=11100110000111110111111111111111, flags=SA_RESTART|SA_SIGINFO
   SIGQUIT: _ZL11UserHandleriPvS_ in libjvm.dylib, mask=11100110000111110111111111111111, flags=SA_RESTART|SA_SIGINFO
   SIGTRAP: _ZL13crash_handleriP9__siginfoPv in libjvm.dylib, mask=11100110000111110111111111111111, flags=SA_RESTART|SA_SIGINFO


---------------  S Y S T E M  ---------------

OS:
uname: Darwin 21.1.0 Darwin Kernel Version 21.1.0: Wed Oct 13 17:33:23 PDT 2021; root:xnu-8019.41.5~1/RELEASE_X86_64 x86_64
OS uptime: 0 days 12:15 hours
rlimit (soft/hard): STACK 8192k/65532k , CORE 0k/infinity , NPROC 1392/2088 , NOFILE 10240/infinity , AS infinity/infinity , CPU infinity/infinity , DATA infinity/infinity , FSIZE infinity/infinity , MEMLOCK infinity/infinity , RSS infinity/infinity
load average: 3.15 2.77 2.44

CPU: total 4 (initial active 4) (2 cores per cpu, 2 threads per core) family 6 model 142 stepping 9 microcode 0xea, cx8, cmov, fxsr, ht, mmx, 3dnowpref, sse, sse2, sse3, ssse3, sse4.1, sse4.2, popcnt, lzcnt, tsc, tscinvbit, avx, avx2, aes, erms, clmul, bmi1, bmi2, rtm, adx, fma, vzeroupper, clflush, clflushopt

Memory: 4k page, physical 8388608k(369572k free), swap 2097152k(1174272k free)

vm_info: OpenJDK 64-Bit Server VM (17.0.1+0) for bsd-amd64 JRE (17.0.1+0), built on Nov  3 2021 08:34:14 by "brew" with clang Apple LLVM 13.0.0 (clang-1300.0.29.3)

END.
